Namespace(alpha=0.5, beta=100, dataset='citeseer', epochs=200, lr=0.001, num_clusters=128, seed=1234, test_rate=0.1)
/data/syd/02_ICML/06_Unify/LinkPrediction/GIC/utils/process.py:183: RuntimeWarning: divide by zero encountered in power
  r_inv = np.power(rowsum, -1).flatten()
Epoch:[0/200], Loss:[0.6929] Val:[95.41] Test:[93.19] | Best Val:[95.41] Test:[93.19] at Epoch:[0]
Epoch:[1/200], Loss:[0.6927] Val:[95.92] Test:[93.91] | Best Val:[95.92] Test:[93.91] at Epoch:[1]
Epoch:[2/200], Loss:[0.6922] Val:[96.53] Test:[94.97] | Best Val:[96.53] Test:[94.97] at Epoch:[2]
Epoch:[3/200], Loss:[0.6918] Val:[96.57] Test:[95.46] | Best Val:[96.57] Test:[95.46] at Epoch:[3]
Epoch:[4/200], Loss:[0.6914] Val:[96.60] Test:[95.68] | Best Val:[96.60] Test:[95.68] at Epoch:[4]
Epoch:[5/200], Loss:[0.6909] Val:[96.56] Test:[95.68] | Best Val:[96.60] Test:[95.68] at Epoch:[4]
Epoch:[6/200], Loss:[0.6903] Val:[96.51] Test:[95.60] | Best Val:[96.60] Test:[95.68] at Epoch:[4]
Epoch:[7/200], Loss:[0.6898] Val:[96.51] Test:[95.50] | Best Val:[96.60] Test:[95.68] at Epoch:[4]
Epoch:[8/200], Loss:[0.6892] Val:[96.46] Test:[95.42] | Best Val:[96.60] Test:[95.68] at Epoch:[4]
Epoch:[9/200], Loss:[0.6885] Val:[96.38] Test:[95.34] | Best Val:[96.60] Test:[95.68] at Epoch:[4]
Epoch:[10/200], Loss:[0.6879] Val:[96.31] Test:[95.27] | Best Val:[96.60] Test:[95.68] at Epoch:[4]
Epoch:[11/200], Loss:[0.6871] Val:[96.20] Test:[95.20] | Best Val:[96.60] Test:[95.68] at Epoch:[4]
Epoch:[12/200], Loss:[0.6863] Val:[96.11] Test:[95.10] | Best Val:[96.60] Test:[95.68] at Epoch:[4]
Epoch:[13/200], Loss:[0.6853] Val:[96.04] Test:[95.02] | Best Val:[96.60] Test:[95.68] at Epoch:[4]
Epoch:[14/200], Loss:[0.6845] Val:[95.94] Test:[94.89] | Best Val:[96.60] Test:[95.68] at Epoch:[4]
Epoch:[15/200], Loss:[0.6836] Val:[95.86] Test:[94.78] | Best Val:[96.60] Test:[95.68] at Epoch:[4]
Epoch:[16/200], Loss:[0.6825] Val:[95.77] Test:[94.67] | Best Val:[96.60] Test:[95.68] at Epoch:[4]
Epoch:[17/200], Loss:[0.6813] Val:[95.65] Test:[94.55] | Best Val:[96.60] Test:[95.68] at Epoch:[4]
Epoch:[18/200], Loss:[0.6803] Val:[95.55] Test:[94.42] | Best Val:[96.60] Test:[95.68] at Epoch:[4]
Epoch:[19/200], Loss:[0.6785] Val:[95.48] Test:[94.30] | Best Val:[96.60] Test:[95.68] at Epoch:[4]
Epoch:[20/200], Loss:[0.6775] Val:[95.40] Test:[94.21] | Best Val:[96.60] Test:[95.68] at Epoch:[4]
Epoch:[21/200], Loss:[0.6760] Val:[95.34] Test:[94.11] | Best Val:[96.60] Test:[95.68] at Epoch:[4]
Epoch:[22/200], Loss:[0.6747] Val:[95.25] Test:[94.01] | Best Val:[96.60] Test:[95.68] at Epoch:[4]
Epoch:[23/200], Loss:[0.6729] Val:[95.17] Test:[93.89] | Best Val:[96.60] Test:[95.68] at Epoch:[4]
Epoch:[24/200], Loss:[0.6711] Val:[95.07] Test:[93.77] | Best Val:[96.60] Test:[95.68] at Epoch:[4]
Epoch:[25/200], Loss:[0.6688] Val:[94.95] Test:[93.63] | Best Val:[96.60] Test:[95.68] at Epoch:[4]
Epoch:[26/200], Loss:[0.6665] Val:[94.80] Test:[93.47] | Best Val:[96.60] Test:[95.68] at Epoch:[4]
Epoch:[27/200], Loss:[0.6650] Val:[94.67] Test:[93.36] | Best Val:[96.60] Test:[95.68] at Epoch:[4]
Epoch:[28/200], Loss:[0.6625] Val:[94.55] Test:[93.24] | Best Val:[96.60] Test:[95.68] at Epoch:[4]
Epoch:[29/200], Loss:[0.6601] Val:[94.46] Test:[93.10] | Best Val:[96.60] Test:[95.68] at Epoch:[4]
Epoch:[30/200], Loss:[0.6574] Val:[94.34] Test:[92.98] | Best Val:[96.60] Test:[95.68] at Epoch:[4]
Epoch:[31/200], Loss:[0.6551] Val:[94.22] Test:[92.87] | Best Val:[96.60] Test:[95.68] at Epoch:[4]
Epoch:[32/200], Loss:[0.6531] Val:[94.12] Test:[92.75] | Best Val:[96.60] Test:[95.68] at Epoch:[4]
Epoch:[33/200], Loss:[0.6509] Val:[94.01] Test:[92.61] | Best Val:[96.60] Test:[95.68] at Epoch:[4]
Epoch:[34/200], Loss:[0.6478] Val:[93.92] Test:[92.50] | Best Val:[96.60] Test:[95.68] at Epoch:[4]
Epoch:[35/200], Loss:[0.6450] Val:[93.78] Test:[92.36] | Best Val:[96.60] Test:[95.68] at Epoch:[4]
Epoch:[36/200], Loss:[0.6396] Val:[93.63] Test:[92.25] | Best Val:[96.60] Test:[95.68] at Epoch:[4]
Epoch:[37/200], Loss:[0.6387] Val:[93.54] Test:[92.14] | Best Val:[96.60] Test:[95.68] at Epoch:[4]
Epoch:[38/200], Loss:[0.6356] Val:[93.42] Test:[92.02] | Best Val:[96.60] Test:[95.68] at Epoch:[4]
Epoch:[39/200], Loss:[0.6325] Val:[93.30] Test:[91.90] | Best Val:[96.60] Test:[95.68] at Epoch:[4]
Epoch:[40/200], Loss:[0.6296] Val:[93.20] Test:[91.79] | Best Val:[96.60] Test:[95.68] at Epoch:[4]
Epoch:[41/200], Loss:[0.6245] Val:[93.06] Test:[91.67] | Best Val:[96.60] Test:[95.68] at Epoch:[4]
Epoch:[42/200], Loss:[0.6209] Val:[92.95] Test:[91.56] | Best Val:[96.60] Test:[95.68] at Epoch:[4]
Epoch:[43/200], Loss:[0.6195] Val:[92.87] Test:[91.47] | Best Val:[96.60] Test:[95.68] at Epoch:[4]
Epoch:[44/200], Loss:[0.6147] Val:[92.74] Test:[91.37] | Best Val:[96.60] Test:[95.68] at Epoch:[4]
Epoch:[45/200], Loss:[0.6133] Val:[92.64] Test:[91.27] | Best Val:[96.60] Test:[95.68] at Epoch:[4]
Epoch:[46/200], Loss:[0.6062] Val:[92.55] Test:[91.17] | Best Val:[96.60] Test:[95.68] at Epoch:[4]
Epoch:[47/200], Loss:[0.6043] Val:[92.42] Test:[91.08] | Best Val:[96.60] Test:[95.68] at Epoch:[4]
Epoch:[48/200], Loss:[0.6001] Val:[92.29] Test:[90.99] | Best Val:[96.60] Test:[95.68] at Epoch:[4]
Epoch:[49/200], Loss:[0.5985] Val:[92.19] Test:[90.89] | Best Val:[96.60] Test:[95.68] at Epoch:[4]
Epoch:[50/200], Loss:[0.5909] Val:[92.07] Test:[90.81] | Best Val:[96.60] Test:[95.68] at Epoch:[4]
Epoch:[51/200], Loss:[0.5939] Val:[91.92] Test:[90.73] | Best Val:[96.60] Test:[95.68] at Epoch:[4]
Epoch:[52/200], Loss:[0.5845] Val:[91.83] Test:[90.65] | Best Val:[96.60] Test:[95.68] at Epoch:[4]
Epoch:[53/200], Loss:[0.5844] Val:[91.74] Test:[90.59] | Best Val:[96.60] Test:[95.68] at Epoch:[4]
Epoch:[54/200], Loss:[0.5785] Val:[91.66] Test:[90.52] | Best Val:[96.60] Test:[95.68] at Epoch:[4]
Epoch:[55/200], Loss:[0.5774] Val:[91.54] Test:[90.44] | Best Val:[96.60] Test:[95.68] at Epoch:[4]
Epoch:[56/200], Loss:[0.5689] Val:[91.43] Test:[90.39] | Best Val:[96.60] Test:[95.68] at Epoch:[4]
Epoch:[57/200], Loss:[0.5652] Val:[91.36] Test:[90.35] | Best Val:[96.60] Test:[95.68] at Epoch:[4]
Epoch:[58/200], Loss:[0.5654] Val:[91.30] Test:[90.28] | Best Val:[96.60] Test:[95.68] at Epoch:[4]
Epoch:[59/200], Loss:[0.5632] Val:[91.21] Test:[90.22] | Best Val:[96.60] Test:[95.68] at Epoch:[4]
Epoch:[60/200], Loss:[0.5563] Val:[91.08] Test:[90.15] | Best Val:[96.60] Test:[95.68] at Epoch:[4]
Epoch:[61/200], Loss:[0.5488] Val:[90.98] Test:[90.08] | Best Val:[96.60] Test:[95.68] at Epoch:[4]
Epoch:[62/200], Loss:[0.5506] Val:[90.92] Test:[90.01] | Best Val:[96.60] Test:[95.68] at Epoch:[4]
Epoch:[63/200], Loss:[0.5455] Val:[90.82] Test:[89.96] | Best Val:[96.60] Test:[95.68] at Epoch:[4]
Epoch:[64/200], Loss:[0.5420] Val:[90.73] Test:[89.88] | Best Val:[96.60] Test:[95.68] at Epoch:[4]
Epoch:[65/200], Loss:[0.5369] Val:[90.66] Test:[89.82] | Best Val:[96.60] Test:[95.68] at Epoch:[4]
Epoch:[66/200], Loss:[0.5317] Val:[90.55] Test:[89.74] | Best Val:[96.60] Test:[95.68] at Epoch:[4]
Epoch:[67/200], Loss:[0.5231] Val:[90.46] Test:[89.69] | Best Val:[96.60] Test:[95.68] at Epoch:[4]
Epoch:[68/200], Loss:[0.5258] Val:[90.40] Test:[89.62] | Best Val:[96.60] Test:[95.68] at Epoch:[4]
Epoch:[69/200], Loss:[0.5250] Val:[90.32] Test:[89.54] | Best Val:[96.60] Test:[95.68] at Epoch:[4]
Epoch:[70/200], Loss:[0.5072] Val:[90.27] Test:[89.48] | Best Val:[96.60] Test:[95.68] at Epoch:[4]
Epoch:[71/200], Loss:[0.5091] Val:[90.18] Test:[89.41] | Best Val:[96.60] Test:[95.68] at Epoch:[4]
Epoch:[72/200], Loss:[0.5151] Val:[90.12] Test:[89.34] | Best Val:[96.60] Test:[95.68] at Epoch:[4]
Epoch:[73/200], Loss:[0.5032] Val:[90.06] Test:[89.26] | Best Val:[96.60] Test:[95.68] at Epoch:[4]
Epoch:[74/200], Loss:[0.5044] Val:[90.00] Test:[89.20] | Best Val:[96.60] Test:[95.68] at Epoch:[4]
Epoch:[75/200], Loss:[0.4935] Val:[89.90] Test:[89.15] | Best Val:[96.60] Test:[95.68] at Epoch:[4]
Epoch:[76/200], Loss:[0.4957] Val:[89.81] Test:[89.09] | Best Val:[96.60] Test:[95.68] at Epoch:[4]
Epoch:[77/200], Loss:[0.4933] Val:[89.71] Test:[89.04] | Best Val:[96.60] Test:[95.68] at Epoch:[4]
Epoch:[78/200], Loss:[0.4899] Val:[89.64] Test:[88.99] | Best Val:[96.60] Test:[95.68] at Epoch:[4]
Epoch:[79/200], Loss:[0.4861] Val:[89.57] Test:[88.93] | Best Val:[96.60] Test:[95.68] at Epoch:[4]
Epoch:[80/200], Loss:[0.4750] Val:[89.52] Test:[88.88] | Best Val:[96.60] Test:[95.68] at Epoch:[4]
Epoch:[81/200], Loss:[0.4691] Val:[89.48] Test:[88.87] | Best Val:[96.60] Test:[95.68] at Epoch:[4]
Epoch:[82/200], Loss:[0.4714] Val:[89.44] Test:[88.84] | Best Val:[96.60] Test:[95.68] at Epoch:[4]
Epoch:[83/200], Loss:[0.4766] Val:[89.42] Test:[88.80] | Best Val:[96.60] Test:[95.68] at Epoch:[4]
Epoch:[84/200], Loss:[0.4604] Val:[89.40] Test:[88.77] | Best Val:[96.60] Test:[95.68] at Epoch:[4]
Epoch:[85/200], Loss:[0.4681] Val:[89.35] Test:[88.75] | Best Val:[96.60] Test:[95.68] at Epoch:[4]
Epoch:[86/200], Loss:[0.4728] Val:[89.32] Test:[88.72] | Best Val:[96.60] Test:[95.68] at Epoch:[4]
Epoch:[87/200], Loss:[0.4596] Val:[89.23] Test:[88.69] | Best Val:[96.60] Test:[95.68] at Epoch:[4]
Epoch:[88/200], Loss:[0.4660] Val:[89.24] Test:[88.67] | Best Val:[96.60] Test:[95.68] at Epoch:[4]
Epoch:[89/200], Loss:[0.4460] Val:[89.23] Test:[88.70] | Best Val:[96.60] Test:[95.68] at Epoch:[4]
Epoch:[90/200], Loss:[0.4524] Val:[89.23] Test:[88.75] | Best Val:[96.60] Test:[95.68] at Epoch:[4]
Epoch:[91/200], Loss:[0.4521] Val:[89.28] Test:[88.82] | Best Val:[96.60] Test:[95.68] at Epoch:[4]
Epoch:[92/200], Loss:[0.4391] Val:[89.33] Test:[88.89] | Best Val:[96.60] Test:[95.68] at Epoch:[4]
Epoch:[93/200], Loss:[0.4394] Val:[89.39] Test:[88.96] | Best Val:[96.60] Test:[95.68] at Epoch:[4]
Epoch:[94/200], Loss:[0.4457] Val:[89.43] Test:[88.99] | Best Val:[96.60] Test:[95.68] at Epoch:[4]
Epoch:[95/200], Loss:[0.4394] Val:[89.44] Test:[89.00] | Best Val:[96.60] Test:[95.68] at Epoch:[4]
Epoch:[96/200], Loss:[0.4323] Val:[89.44] Test:[89.02] | Best Val:[96.60] Test:[95.68] at Epoch:[4]
Epoch:[97/200], Loss:[0.4293] Val:[89.43] Test:[89.06] | Best Val:[96.60] Test:[95.68] at Epoch:[4]
Epoch:[98/200], Loss:[0.4234] Val:[89.46] Test:[89.10] | Best Val:[96.60] Test:[95.68] at Epoch:[4]
Epoch:[99/200], Loss:[0.4249] Val:[89.55] Test:[89.16] | Best Val:[96.60] Test:[95.68] at Epoch:[4]
Epoch:[100/200], Loss:[0.4285] Val:[89.65] Test:[89.24] | Best Val:[96.60] Test:[95.68] at Epoch:[4]
Epoch:[101/200], Loss:[0.4231] Val:[89.72] Test:[89.30] | Best Val:[96.60] Test:[95.68] at Epoch:[4]
Epoch:[102/200], Loss:[0.4149] Val:[89.79] Test:[89.39] | Best Val:[96.60] Test:[95.68] at Epoch:[4]
Epoch:[103/200], Loss:[0.4097] Val:[89.85] Test:[89.48] | Best Val:[96.60] Test:[95.68] at Epoch:[4]
Epoch:[104/200], Loss:[0.4130] Val:[89.93] Test:[89.57] | Best Val:[96.60] Test:[95.68] at Epoch:[4]
Epoch:[105/200], Loss:[0.4216] Val:[89.97] Test:[89.60] | Best Val:[96.60] Test:[95.68] at Epoch:[4]
Epoch:[106/200], Loss:[0.4300] Val:[90.01] Test:[89.61] | Best Val:[96.60] Test:[95.68] at Epoch:[4]
Epoch:[107/200], Loss:[0.4234] Val:[89.97] Test:[89.62] | Best Val:[96.60] Test:[95.68] at Epoch:[4]
Epoch:[108/200], Loss:[0.4169] Val:[89.93] Test:[89.63] | Best Val:[96.60] Test:[95.68] at Epoch:[4]
Epoch:[109/200], Loss:[0.4034] Val:[89.99] Test:[89.68] | Best Val:[96.60] Test:[95.68] at Epoch:[4]
Epoch:[110/200], Loss:[0.4019] Val:[90.03] Test:[89.76] | Best Val:[96.60] Test:[95.68] at Epoch:[4]
Epoch:[111/200], Loss:[0.3960] Val:[90.10] Test:[89.84] | Best Val:[96.60] Test:[95.68] at Epoch:[4]
Epoch:[112/200], Loss:[0.4063] Val:[90.16] Test:[89.91] | Best Val:[96.60] Test:[95.68] at Epoch:[4]
Epoch:[113/200], Loss:[0.3943] Val:[90.20] Test:[89.96] | Best Val:[96.60] Test:[95.68] at Epoch:[4]
Epoch:[114/200], Loss:[0.4015] Val:[90.20] Test:[89.99] | Best Val:[96.60] Test:[95.68] at Epoch:[4]
Epoch:[115/200], Loss:[0.3982] Val:[90.21] Test:[90.01] | Best Val:[96.60] Test:[95.68] at Epoch:[4]
Epoch:[116/200], Loss:[0.3947] Val:[90.21] Test:[90.01] | Best Val:[96.60] Test:[95.68] at Epoch:[4]
Epoch:[117/200], Loss:[0.3913] Val:[90.22] Test:[90.03] | Best Val:[96.60] Test:[95.68] at Epoch:[4]
Epoch:[118/200], Loss:[0.3860] Val:[90.20] Test:[90.05] | Best Val:[96.60] Test:[95.68] at Epoch:[4]
Epoch:[119/200], Loss:[0.3858] Val:[90.21] Test:[90.07] | Best Val:[96.60] Test:[95.68] at Epoch:[4]
Epoch:[120/200], Loss:[0.3823] Val:[90.21] Test:[90.09] | Best Val:[96.60] Test:[95.68] at Epoch:[4]
Epoch:[121/200], Loss:[0.3800] Val:[90.18] Test:[90.12] | Best Val:[96.60] Test:[95.68] at Epoch:[4]
Epoch:[122/200], Loss:[0.3709] Val:[90.13] Test:[90.15] | Best Val:[96.60] Test:[95.68] at Epoch:[4]
Epoch:[123/200], Loss:[0.3878] Val:[90.13] Test:[90.16] | Best Val:[96.60] Test:[95.68] at Epoch:[4]
Epoch:[124/200], Loss:[0.3824] Val:[90.12] Test:[90.19] | Best Val:[96.60] Test:[95.68] at Epoch:[4]
Epoch:[125/200], Loss:[0.3793] Val:[90.09] Test:[90.19] | Best Val:[96.60] Test:[95.68] at Epoch:[4]
Epoch:[126/200], Loss:[0.3671] Val:[90.07] Test:[90.21] | Best Val:[96.60] Test:[95.68] at Epoch:[4]
Epoch:[127/200], Loss:[0.3855] Val:[90.06] Test:[90.23] | Best Val:[96.60] Test:[95.68] at Epoch:[4]
Epoch:[128/200], Loss:[0.3770] Val:[90.03] Test:[90.25] | Best Val:[96.60] Test:[95.68] at Epoch:[4]
Epoch:[129/200], Loss:[0.3783] Val:[90.07] Test:[90.25] | Best Val:[96.60] Test:[95.68] at Epoch:[4]
Epoch:[130/200], Loss:[0.3600] Val:[90.03] Test:[90.25] | Best Val:[96.60] Test:[95.68] at Epoch:[4]
Epoch:[131/200], Loss:[0.3680] Val:[90.04] Test:[90.24] | Best Val:[96.60] Test:[95.68] at Epoch:[4]
Epoch:[132/200], Loss:[0.3668] Val:[90.06] Test:[90.20] | Best Val:[96.60] Test:[95.68] at Epoch:[4]
Epoch:[133/200], Loss:[0.3697] Val:[90.09] Test:[90.18] | Best Val:[96.60] Test:[95.68] at Epoch:[4]
Epoch:[134/200], Loss:[0.3579] Val:[90.13] Test:[90.19] | Best Val:[96.60] Test:[95.68] at Epoch:[4]
Epoch:[135/200], Loss:[0.3565] Val:[90.18] Test:[90.21] | Best Val:[96.60] Test:[95.68] at Epoch:[4]
Epoch:[136/200], Loss:[0.3660] Val:[90.22] Test:[90.23] | Best Val:[96.60] Test:[95.68] at Epoch:[4]
Epoch:[137/200], Loss:[0.3622] Val:[90.21] Test:[90.22] | Best Val:[96.60] Test:[95.68] at Epoch:[4]
Epoch:[138/200], Loss:[0.3610] Val:[90.21] Test:[90.23] | Best Val:[96.60] Test:[95.68] at Epoch:[4]
Epoch:[139/200], Loss:[0.3536] Val:[90.23] Test:[90.24] | Best Val:[96.60] Test:[95.68] at Epoch:[4]
Epoch:[140/200], Loss:[0.3556] Val:[90.25] Test:[90.23] | Best Val:[96.60] Test:[95.68] at Epoch:[4]
Epoch:[141/200], Loss:[0.3521] Val:[90.29] Test:[90.23] | Best Val:[96.60] Test:[95.68] at Epoch:[4]
Epoch:[142/200], Loss:[0.3551] Val:[90.32] Test:[90.24] | Best Val:[96.60] Test:[95.68] at Epoch:[4]
Epoch:[143/200], Loss:[0.3531] Val:[90.33] Test:[90.26] | Best Val:[96.60] Test:[95.68] at Epoch:[4]
Epoch:[144/200], Loss:[0.3518] Val:[90.37] Test:[90.28] | Best Val:[96.60] Test:[95.68] at Epoch:[4]
Epoch:[145/200], Loss:[0.3511] Val:[90.41] Test:[90.29] | Best Val:[96.60] Test:[95.68] at Epoch:[4]
Epoch:[146/200], Loss:[0.3308] Val:[90.43] Test:[90.29] | Best Val:[96.60] Test:[95.68] at Epoch:[4]
Epoch:[147/200], Loss:[0.3362] Val:[90.48] Test:[90.29] | Best Val:[96.60] Test:[95.68] at Epoch:[4]
Epoch:[148/200], Loss:[0.3444] Val:[90.50] Test:[90.29] | Best Val:[96.60] Test:[95.68] at Epoch:[4]
Epoch:[149/200], Loss:[0.3440] Val:[90.46] Test:[90.28] | Best Val:[96.60] Test:[95.68] at Epoch:[4]
Epoch:[150/200], Loss:[0.3383] Val:[90.43] Test:[90.27] | Best Val:[96.60] Test:[95.68] at Epoch:[4]
Epoch:[151/200], Loss:[0.3530] Val:[90.41] Test:[90.26] | Best Val:[96.60] Test:[95.68] at Epoch:[4]
Epoch:[152/200], Loss:[0.3315] Val:[90.42] Test:[90.26] | Best Val:[96.60] Test:[95.68] at Epoch:[4]
Epoch:[153/200], Loss:[0.3433] Val:[90.45] Test:[90.26] | Best Val:[96.60] Test:[95.68] at Epoch:[4]
Epoch:[154/200], Loss:[0.3420] Val:[90.46] Test:[90.27] | Best Val:[96.60] Test:[95.68] at Epoch:[4]
Epoch:[155/200], Loss:[0.3386] Val:[90.50] Test:[90.29] | Best Val:[96.60] Test:[95.68] at Epoch:[4]
Epoch:[156/200], Loss:[0.3451] Val:[90.48] Test:[90.31] | Best Val:[96.60] Test:[95.68] at Epoch:[4]
Epoch:[157/200], Loss:[0.3469] Val:[90.44] Test:[90.28] | Best Val:[96.60] Test:[95.68] at Epoch:[4]
Epoch:[158/200], Loss:[0.3401] Val:[90.39] Test:[90.25] | Best Val:[96.60] Test:[95.68] at Epoch:[4]
Epoch:[159/200], Loss:[0.3413] Val:[90.36] Test:[90.25] | Best Val:[96.60] Test:[95.68] at Epoch:[4]
Epoch:[160/200], Loss:[0.3349] Val:[90.40] Test:[90.26] | Best Val:[96.60] Test:[95.68] at Epoch:[4]
Epoch:[161/200], Loss:[0.3281] Val:[90.41] Test:[90.26] | Best Val:[96.60] Test:[95.68] at Epoch:[4]
Epoch:[162/200], Loss:[0.3295] Val:[90.47] Test:[90.27] | Best Val:[96.60] Test:[95.68] at Epoch:[4]
Epoch:[163/200], Loss:[0.3207] Val:[90.54] Test:[90.29] | Best Val:[96.60] Test:[95.68] at Epoch:[4]
Epoch:[164/200], Loss:[0.3357] Val:[90.55] Test:[90.30] | Best Val:[96.60] Test:[95.68] at Epoch:[4]
Epoch:[165/200], Loss:[0.3127] Val:[90.51] Test:[90.27] | Best Val:[96.60] Test:[95.68] at Epoch:[4]
Epoch:[166/200], Loss:[0.3385] Val:[90.50] Test:[90.25] | Best Val:[96.60] Test:[95.68] at Epoch:[4]
Epoch:[167/200], Loss:[0.3214] Val:[90.50] Test:[90.22] | Best Val:[96.60] Test:[95.68] at Epoch:[4]
Epoch:[168/200], Loss:[0.3393] Val:[90.56] Test:[90.23] | Best Val:[96.60] Test:[95.68] at Epoch:[4]
Epoch:[169/200], Loss:[0.3366] Val:[90.66] Test:[90.26] | Best Val:[96.60] Test:[95.68] at Epoch:[4]
Epoch:[170/200], Loss:[0.3298] Val:[90.74] Test:[90.27] | Best Val:[96.60] Test:[95.68] at Epoch:[4]
Epoch:[171/200], Loss:[0.3219] Val:[90.79] Test:[90.28] | Best Val:[96.60] Test:[95.68] at Epoch:[4]
Epoch:[172/200], Loss:[0.3230] Val:[90.81] Test:[90.28] | Best Val:[96.60] Test:[95.68] at Epoch:[4]
Epoch:[173/200], Loss:[0.3186] Val:[90.83] Test:[90.26] | Best Val:[96.60] Test:[95.68] at Epoch:[4]
Epoch:[174/200], Loss:[0.3235] Val:[90.83] Test:[90.24] | Best Val:[96.60] Test:[95.68] at Epoch:[4]
Epoch:[175/200], Loss:[0.3238] Val:[90.89] Test:[90.24] | Best Val:[96.60] Test:[95.68] at Epoch:[4]
Epoch:[176/200], Loss:[0.3188] Val:[90.93] Test:[90.24] | Best Val:[96.60] Test:[95.68] at Epoch:[4]
Epoch:[177/200], Loss:[0.3162] Val:[90.96] Test:[90.21] | Best Val:[96.60] Test:[95.68] at Epoch:[4]
Epoch:[178/200], Loss:[0.3080] Val:[91.01] Test:[90.20] | Best Val:[96.60] Test:[95.68] at Epoch:[4]
Epoch:[179/200], Loss:[0.3153] Val:[91.06] Test:[90.19] | Best Val:[96.60] Test:[95.68] at Epoch:[4]
Epoch:[180/200], Loss:[0.3150] Val:[91.10] Test:[90.17] | Best Val:[96.60] Test:[95.68] at Epoch:[4]
Epoch:[181/200], Loss:[0.3026] Val:[91.14] Test:[90.14] | Best Val:[96.60] Test:[95.68] at Epoch:[4]
Epoch:[182/200], Loss:[0.3187] Val:[91.20] Test:[90.14] | Best Val:[96.60] Test:[95.68] at Epoch:[4]
Epoch:[183/200], Loss:[0.3179] Val:[91.22] Test:[90.12] | Best Val:[96.60] Test:[95.68] at Epoch:[4]
Epoch:[184/200], Loss:[0.3118] Val:[91.23] Test:[90.13] | Best Val:[96.60] Test:[95.68] at Epoch:[4]
Epoch:[185/200], Loss:[0.3123] Val:[91.23] Test:[90.12] | Best Val:[96.60] Test:[95.68] at Epoch:[4]
Epoch:[186/200], Loss:[0.3077] Val:[91.25] Test:[90.12] | Best Val:[96.60] Test:[95.68] at Epoch:[4]
Epoch:[187/200], Loss:[0.3062] Val:[91.23] Test:[90.11] | Best Val:[96.60] Test:[95.68] at Epoch:[4]
Epoch:[188/200], Loss:[0.3012] Val:[91.24] Test:[90.11] | Best Val:[96.60] Test:[95.68] at Epoch:[4]
Epoch:[189/200], Loss:[0.3065] Val:[91.22] Test:[90.09] | Best Val:[96.60] Test:[95.68] at Epoch:[4]
Epoch:[190/200], Loss:[0.3183] Val:[91.16] Test:[90.07] | Best Val:[96.60] Test:[95.68] at Epoch:[4]
Epoch:[191/200], Loss:[0.2998] Val:[91.17] Test:[90.03] | Best Val:[96.60] Test:[95.68] at Epoch:[4]
Epoch:[192/200], Loss:[0.3103] Val:[91.17] Test:[89.99] | Best Val:[96.60] Test:[95.68] at Epoch:[4]
Epoch:[193/200], Loss:[0.3081] Val:[91.17] Test:[89.96] | Best Val:[96.60] Test:[95.68] at Epoch:[4]
Epoch:[194/200], Loss:[0.3037] Val:[91.14] Test:[89.94] | Best Val:[96.60] Test:[95.68] at Epoch:[4]
Epoch:[195/200], Loss:[0.2930] Val:[91.14] Test:[89.92] | Best Val:[96.60] Test:[95.68] at Epoch:[4]
Epoch:[196/200], Loss:[0.3127] Val:[91.10] Test:[89.90] | Best Val:[96.60] Test:[95.68] at Epoch:[4]
Epoch:[197/200], Loss:[0.2890] Val:[91.07] Test:[89.89] | Best Val:[96.60] Test:[95.68] at Epoch:[4]
Epoch:[198/200], Loss:[0.3045] Val:[91.04] Test:[89.88] | Best Val:[96.60] Test:[95.68] at Epoch:[4]
Epoch:[199/200], Loss:[0.3027] Val:[91.05] Test:[89.85] | Best Val:[96.60] Test:[95.68] at Epoch:[4]
Final (Baseline) Dataset [citeseer] Val:[96.60] Test:[95.68] at Epoch:[4]
