----------------------------------------------------------------------------------------------------
Namespace(aug_type='mask', dataset='citeseer', drop_percent=0.2, gpu=0, save_name='cite_best_dgi.pkl', seed=39)
----------------------------------------------------------------------------------------------------
/data3/Syd/06_IMPROVE/07_Contrastive_GNN/08_DGI_double/utils/process.py:183: RuntimeWarning: divide by zero encountered in power
  r_inv = np.power(rowsum, -1).flatten()
Begin Aug:[mask]
Using CUDA
Loss:[0.6931]
Loss:[0.6941]
Loss:[0.6891]
Loss:[0.6878]
Loss:[0.6794]
Loss:[0.6811]
Loss:[0.6694]
Loss:[0.6649]
Loss:[0.6573]
Loss:[0.6438]
Loss:[0.6386]
Loss:[0.6211]
Loss:[0.6134]
Loss:[0.5933]
Loss:[0.5840]
Loss:[0.5651]
Loss:[0.5454]
Loss:[0.5348]
Loss:[0.5093]
Loss:[0.4966]
Loss:[0.4812]
Loss:[0.4547]
Loss:[0.4391]
Loss:[0.4281]
Loss:[0.4100]
Loss:[0.3837]
Loss:[0.3710]
Loss:[0.3628]
Loss:[0.3433]
Loss:[0.3212]
Loss:[0.3127]
Loss:[0.3017]
Loss:[0.2857]
Loss:[0.2772]
Loss:[0.2619]
Loss:[0.2532]
Loss:[0.2448]
Loss:[0.2385]
Loss:[0.2308]
Loss:[0.2221]
Loss:[0.2156]
Loss:[0.2091]
Loss:[0.2100]
Loss:[0.1945]
Loss:[0.1887]
Loss:[0.1817]
Loss:[0.1817]
Loss:[0.1747]
Loss:[0.1715]
Loss:[0.1626]
Loss:[0.1628]
Loss:[0.1570]
Loss:[0.1622]
Loss:[0.1523]
Loss:[0.1523]
Loss:[0.1470]
Loss:[0.1385]
final.sh: line 6: 12271 Killed                  python -u execute.py --dataset citeseer --aug_type mask --drop_percent 0.20 --seed 39 --save_name cite_best_dgi.pkl --gpu 0
