Using CUDA
Loss: tensor(0.6932, device='cuda:0', grad_fn=<BinaryCrossEntropyWithLogitsBackward>)
Loss: tensor(0.6927, device='cuda:0', grad_fn=<BinaryCrossEntropyWithLogitsBackward>)
Loss: tensor(0.6877, device='cuda:0', grad_fn=<BinaryCrossEntropyWithLogitsBackward>)
Loss: tensor(0.6862, device='cuda:0', grad_fn=<BinaryCrossEntropyWithLogitsBackward>)
Loss: tensor(0.6814, device='cuda:0', grad_fn=<BinaryCrossEntropyWithLogitsBackward>)
Loss: tensor(0.6762, device='cuda:0', grad_fn=<BinaryCrossEntropyWithLogitsBackward>)
Loss: tensor(0.6733, device='cuda:0', grad_fn=<BinaryCrossEntropyWithLogitsBackward>)
Loss: tensor(0.6643, device='cuda:0', grad_fn=<BinaryCrossEntropyWithLogitsBackward>)
Loss: tensor(0.6607, device='cuda:0', grad_fn=<BinaryCrossEntropyWithLogitsBackward>)
Loss: tensor(0.6523, device='cuda:0', grad_fn=<BinaryCrossEntropyWithLogitsBackward>)
Loss: tensor(0.6448, device='cuda:0', grad_fn=<BinaryCrossEntropyWithLogitsBackward>)
Loss: tensor(0.6371, device='cuda:0', grad_fn=<BinaryCrossEntropyWithLogitsBackward>)
Loss: tensor(0.6239, device='cuda:0', grad_fn=<BinaryCrossEntropyWithLogitsBackward>)
Loss: tensor(0.6156, device='cuda:0', grad_fn=<BinaryCrossEntropyWithLogitsBackward>)
Loss: tensor(0.6034, device='cuda:0', grad_fn=<BinaryCrossEntropyWithLogitsBackward>)
Loss: tensor(0.5942, device='cuda:0', grad_fn=<BinaryCrossEntropyWithLogitsBackward>)
Loss: tensor(0.5806, device='cuda:0', grad_fn=<BinaryCrossEntropyWithLogitsBackward>)
Loss: tensor(0.5655, device='cuda:0', grad_fn=<BinaryCrossEntropyWithLogitsBackward>)
Loss: tensor(0.5533, device='cuda:0', grad_fn=<BinaryCrossEntropyWithLogitsBackward>)
Loss: tensor(0.5374, device='cuda:0', grad_fn=<BinaryCrossEntropyWithLogitsBackward>)
Loss: tensor(0.5259, device='cuda:0', grad_fn=<BinaryCrossEntropyWithLogitsBackward>)
Loss: tensor(0.5127, device='cuda:0', grad_fn=<BinaryCrossEntropyWithLogitsBackward>)
Loss: tensor(0.4952, device='cuda:0', grad_fn=<BinaryCrossEntropyWithLogitsBackward>)
Loss: tensor(0.4833, device='cuda:0', grad_fn=<BinaryCrossEntropyWithLogitsBackward>)
Loss: tensor(0.4737, device='cuda:0', grad_fn=<BinaryCrossEntropyWithLogitsBackward>)
Loss: tensor(0.4558, device='cuda:0', grad_fn=<BinaryCrossEntropyWithLogitsBackward>)
Loss: tensor(0.4384, device='cuda:0', grad_fn=<BinaryCrossEntropyWithLogitsBackward>)
Loss: tensor(0.4283, device='cuda:0', grad_fn=<BinaryCrossEntropyWithLogitsBackward>)
Loss: tensor(0.4202, device='cuda:0', grad_fn=<BinaryCrossEntropyWithLogitsBackward>)
Loss: tensor(0.4010, device='cuda:0', grad_fn=<BinaryCrossEntropyWithLogitsBackward>)
Loss: tensor(0.3941, device='cuda:0', grad_fn=<BinaryCrossEntropyWithLogitsBackward>)
Loss: tensor(0.3833, device='cuda:0', grad_fn=<BinaryCrossEntropyWithLogitsBackward>)
Loss: tensor(0.3617, device='cuda:0', grad_fn=<BinaryCrossEntropyWithLogitsBackward>)
Loss: tensor(0.3582, device='cuda:0', grad_fn=<BinaryCrossEntropyWithLogitsBackward>)
Loss: tensor(0.3515, device='cuda:0', grad_fn=<BinaryCrossEntropyWithLogitsBackward>)
Loss: tensor(0.3380, device='cuda:0', grad_fn=<BinaryCrossEntropyWithLogitsBackward>)
Loss: tensor(0.3297, device='cuda:0', grad_fn=<BinaryCrossEntropyWithLogitsBackward>)
Loss: tensor(0.3181, device='cuda:0', grad_fn=<BinaryCrossEntropyWithLogitsBackward>)
Loss: tensor(0.3068, device='cuda:0', grad_fn=<BinaryCrossEntropyWithLogitsBackward>)
Loss: tensor(0.2999, device='cuda:0', grad_fn=<BinaryCrossEntropyWithLogitsBackward>)
Loss: tensor(0.2954, device='cuda:0', grad_fn=<BinaryCrossEntropyWithLogitsBackward>)
Loss: tensor(0.2794, device='cuda:0', grad_fn=<BinaryCrossEntropyWithLogitsBackward>)
Loss: tensor(0.2774, device='cuda:0', grad_fn=<BinaryCrossEntropyWithLogitsBackward>)
Loss: tensor(0.2700, device='cuda:0', grad_fn=<BinaryCrossEntropyWithLogitsBackward>)
Loss: tensor(0.2617, device='cuda:0', grad_fn=<BinaryCrossEntropyWithLogitsBackward>)
Loss: tensor(0.2573, device='cuda:0', grad_fn=<BinaryCrossEntropyWithLogitsBackward>)
Loss: tensor(0.2503, device='cuda:0', grad_fn=<BinaryCrossEntropyWithLogitsBackward>)
Loss: tensor(0.2462, device='cuda:0', grad_fn=<BinaryCrossEntropyWithLogitsBackward>)
Loss: tensor(0.2325, device='cuda:0', grad_fn=<BinaryCrossEntropyWithLogitsBackward>)
Loss: tensor(0.2290, device='cuda:0', grad_fn=<BinaryCrossEntropyWithLogitsBackward>)
Loss: tensor(0.2276, device='cuda:0', grad_fn=<BinaryCrossEntropyWithLogitsBackward>)
Loss: tensor(0.2195, device='cuda:0', grad_fn=<BinaryCrossEntropyWithLogitsBackward>)
Loss: tensor(0.2121, device='cuda:0', grad_fn=<BinaryCrossEntropyWithLogitsBackward>)
Loss: tensor(0.2061, device='cuda:0', grad_fn=<BinaryCrossEntropyWithLogitsBackward>)
Loss: tensor(0.2100, device='cuda:0', grad_fn=<BinaryCrossEntropyWithLogitsBackward>)
Loss: tensor(0.2132, device='cuda:0', grad_fn=<BinaryCrossEntropyWithLogitsBackward>)
Loss: tensor(0.2004, device='cuda:0', grad_fn=<BinaryCrossEntropyWithLogitsBackward>)
Loss: tensor(0.2057, device='cuda:0', grad_fn=<BinaryCrossEntropyWithLogitsBackward>)
Loss: tensor(0.1991, device='cuda:0', grad_fn=<BinaryCrossEntropyWithLogitsBackward>)
Loss: tensor(0.1921, device='cuda:0', grad_fn=<BinaryCrossEntropyWithLogitsBackward>)
Loss: tensor(0.1910, device='cuda:0', grad_fn=<BinaryCrossEntropyWithLogitsBackward>)
Loss: tensor(0.1867, device='cuda:0', grad_fn=<BinaryCrossEntropyWithLogitsBackward>)
Loss: tensor(0.1894, device='cuda:0', grad_fn=<BinaryCrossEntropyWithLogitsBackward>)
Loss: tensor(0.1741, device='cuda:0', grad_fn=<BinaryCrossEntropyWithLogitsBackward>)
Loss: tensor(0.1788, device='cuda:0', grad_fn=<BinaryCrossEntropyWithLogitsBackward>)
Loss: tensor(0.1803, device='cuda:0', grad_fn=<BinaryCrossEntropyWithLogitsBackward>)
Loss: tensor(0.1659, device='cuda:0', grad_fn=<BinaryCrossEntropyWithLogitsBackward>)
Loss: tensor(0.1729, device='cuda:0', grad_fn=<BinaryCrossEntropyWithLogitsBackward>)
Loss: tensor(0.1659, device='cuda:0', grad_fn=<BinaryCrossEntropyWithLogitsBackward>)
Loss: tensor(0.1647, device='cuda:0', grad_fn=<BinaryCrossEntropyWithLogitsBackward>)
Loss: tensor(0.1707, device='cuda:0', grad_fn=<BinaryCrossEntropyWithLogitsBackward>)
Loss: tensor(0.1615, device='cuda:0', grad_fn=<BinaryCrossEntropyWithLogitsBackward>)
Loss: tensor(0.1579, device='cuda:0', grad_fn=<BinaryCrossEntropyWithLogitsBackward>)
Loss: tensor(0.1479, device='cuda:0', grad_fn=<BinaryCrossEntropyWithLogitsBackward>)
Loss: tensor(0.1556, device='cuda:0', grad_fn=<BinaryCrossEntropyWithLogitsBackward>)
Loss: tensor(0.1595, device='cuda:0', grad_fn=<BinaryCrossEntropyWithLogitsBackward>)
Loss: tensor(0.1481, device='cuda:0', grad_fn=<BinaryCrossEntropyWithLogitsBackward>)
Loss: tensor(0.1466, device='cuda:0', grad_fn=<BinaryCrossEntropyWithLogitsBackward>)
Loss: tensor(0.1385, device='cuda:0', grad_fn=<BinaryCrossEntropyWithLogitsBackward>)
Loss: tensor(0.1415, device='cuda:0', grad_fn=<BinaryCrossEntropyWithLogitsBackward>)
Loss: tensor(0.1388, device='cuda:0', grad_fn=<BinaryCrossEntropyWithLogitsBackward>)
Loss: tensor(0.1441, device='cuda:0', grad_fn=<BinaryCrossEntropyWithLogitsBackward>)
Loss: tensor(0.1369, device='cuda:0', grad_fn=<BinaryCrossEntropyWithLogitsBackward>)
Loss: tensor(0.1444, device='cuda:0', grad_fn=<BinaryCrossEntropyWithLogitsBackward>)
Loss: tensor(0.1264, device='cuda:0', grad_fn=<BinaryCrossEntropyWithLogitsBackward>)
Loss: tensor(0.1355, device='cuda:0', grad_fn=<BinaryCrossEntropyWithLogitsBackward>)
Loss: tensor(0.1315, device='cuda:0', grad_fn=<BinaryCrossEntropyWithLogitsBackward>)
Loss: tensor(0.1300, device='cuda:0', grad_fn=<BinaryCrossEntropyWithLogitsBackward>)
Loss: tensor(0.1209, device='cuda:0', grad_fn=<BinaryCrossEntropyWithLogitsBackward>)
Loss: tensor(0.1337, device='cuda:0', grad_fn=<BinaryCrossEntropyWithLogitsBackward>)
Loss: tensor(0.1316, device='cuda:0', grad_fn=<BinaryCrossEntropyWithLogitsBackward>)
Loss: tensor(0.1251, device='cuda:0', grad_fn=<BinaryCrossEntropyWithLogitsBackward>)
Loss: tensor(0.1147, device='cuda:0', grad_fn=<BinaryCrossEntropyWithLogitsBackward>)
Loss: tensor(0.1248, device='cuda:0', grad_fn=<BinaryCrossEntropyWithLogitsBackward>)
Loss: tensor(0.1187, device='cuda:0', grad_fn=<BinaryCrossEntropyWithLogitsBackward>)
Loss: tensor(0.1267, device='cuda:0', grad_fn=<BinaryCrossEntropyWithLogitsBackward>)
Loss: tensor(0.1188, device='cuda:0', grad_fn=<BinaryCrossEntropyWithLogitsBackward>)
Loss: tensor(0.1204, device='cuda:0', grad_fn=<BinaryCrossEntropyWithLogitsBackward>)
Loss: tensor(0.1085, device='cuda:0', grad_fn=<BinaryCrossEntropyWithLogitsBackward>)
Loss: tensor(0.1112, device='cuda:0', grad_fn=<BinaryCrossEntropyWithLogitsBackward>)
Loss: tensor(0.1157, device='cuda:0', grad_fn=<BinaryCrossEntropyWithLogitsBackward>)
Loss: tensor(0.1147, device='cuda:0', grad_fn=<BinaryCrossEntropyWithLogitsBackward>)
Loss: tensor(0.1229, device='cuda:0', grad_fn=<BinaryCrossEntropyWithLogitsBackward>)
Loss: tensor(0.0976, device='cuda:0', grad_fn=<BinaryCrossEntropyWithLogitsBackward>)
Loss: tensor(0.1049, device='cuda:0', grad_fn=<BinaryCrossEntropyWithLogitsBackward>)
Loss: tensor(0.1140, device='cuda:0', grad_fn=<BinaryCrossEntropyWithLogitsBackward>)
Loss: tensor(0.1099, device='cuda:0', grad_fn=<BinaryCrossEntropyWithLogitsBackward>)
Loss: tensor(0.1107, device='cuda:0', grad_fn=<BinaryCrossEntropyWithLogitsBackward>)
Loss: tensor(0.0997, device='cuda:0', grad_fn=<BinaryCrossEntropyWithLogitsBackward>)
Loss: tensor(0.1134, device='cuda:0', grad_fn=<BinaryCrossEntropyWithLogitsBackward>)
Loss: tensor(0.1010, device='cuda:0', grad_fn=<BinaryCrossEntropyWithLogitsBackward>)
Loss: tensor(0.0984, device='cuda:0', grad_fn=<BinaryCrossEntropyWithLogitsBackward>)
Loss: tensor(0.0989, device='cuda:0', grad_fn=<BinaryCrossEntropyWithLogitsBackward>)
Loss: tensor(0.0990, device='cuda:0', grad_fn=<BinaryCrossEntropyWithLogitsBackward>)
Loss: tensor(0.0982, device='cuda:0', grad_fn=<BinaryCrossEntropyWithLogitsBackward>)
Loss: tensor(0.0966, device='cuda:0', grad_fn=<BinaryCrossEntropyWithLogitsBackward>)
Loss: tensor(0.0964, device='cuda:0', grad_fn=<BinaryCrossEntropyWithLogitsBackward>)
Loss: tensor(0.1005, device='cuda:0', grad_fn=<BinaryCrossEntropyWithLogitsBackward>)
Loss: tensor(0.0866, device='cuda:0', grad_fn=<BinaryCrossEntropyWithLogitsBackward>)
Loss: tensor(0.0959, device='cuda:0', grad_fn=<BinaryCrossEntropyWithLogitsBackward>)
Loss: tensor(0.0979, device='cuda:0', grad_fn=<BinaryCrossEntropyWithLogitsBackward>)
Loss: tensor(0.1014, device='cuda:0', grad_fn=<BinaryCrossEntropyWithLogitsBackward>)
Loss: tensor(0.0924, device='cuda:0', grad_fn=<BinaryCrossEntropyWithLogitsBackward>)
Loss: tensor(0.0852, device='cuda:0', grad_fn=<BinaryCrossEntropyWithLogitsBackward>)
Loss: tensor(0.0974, device='cuda:0', grad_fn=<BinaryCrossEntropyWithLogitsBackward>)
Loss: tensor(0.0941, device='cuda:0', grad_fn=<BinaryCrossEntropyWithLogitsBackward>)
Loss: tensor(0.0845, device='cuda:0', grad_fn=<BinaryCrossEntropyWithLogitsBackward>)
Loss: tensor(0.0998, device='cuda:0', grad_fn=<BinaryCrossEntropyWithLogitsBackward>)
Loss: tensor(0.0986, device='cuda:0', grad_fn=<BinaryCrossEntropyWithLogitsBackward>)
Loss: tensor(0.0949, device='cuda:0', grad_fn=<BinaryCrossEntropyWithLogitsBackward>)
Loss: tensor(0.0827, device='cuda:0', grad_fn=<BinaryCrossEntropyWithLogitsBackward>)
Loss: tensor(0.0904, device='cuda:0', grad_fn=<BinaryCrossEntropyWithLogitsBackward>)
Loss: tensor(0.0908, device='cuda:0', grad_fn=<BinaryCrossEntropyWithLogitsBackward>)
Loss: tensor(0.0967, device='cuda:0', grad_fn=<BinaryCrossEntropyWithLogitsBackward>)
Loss: tensor(0.0942, device='cuda:0', grad_fn=<BinaryCrossEntropyWithLogitsBackward>)
Loss: tensor(0.0881, device='cuda:0', grad_fn=<BinaryCrossEntropyWithLogitsBackward>)
Loss: tensor(0.0799, device='cuda:0', grad_fn=<BinaryCrossEntropyWithLogitsBackward>)
Loss: tensor(0.0938, device='cuda:0', grad_fn=<BinaryCrossEntropyWithLogitsBackward>)
Loss: tensor(0.0915, device='cuda:0', grad_fn=<BinaryCrossEntropyWithLogitsBackward>)
Loss: tensor(0.0890, device='cuda:0', grad_fn=<BinaryCrossEntropyWithLogitsBackward>)
Loss: tensor(0.0885, device='cuda:0', grad_fn=<BinaryCrossEntropyWithLogitsBackward>)
Loss: tensor(0.0899, device='cuda:0', grad_fn=<BinaryCrossEntropyWithLogitsBackward>)
Loss: tensor(0.0904, device='cuda:0', grad_fn=<BinaryCrossEntropyWithLogitsBackward>)
Loss: tensor(0.0776, device='cuda:0', grad_fn=<BinaryCrossEntropyWithLogitsBackward>)
Loss: tensor(0.0810, device='cuda:0', grad_fn=<BinaryCrossEntropyWithLogitsBackward>)
Loss: tensor(0.0879, device='cuda:0', grad_fn=<BinaryCrossEntropyWithLogitsBackward>)
Loss: tensor(0.0828, device='cuda:0', grad_fn=<BinaryCrossEntropyWithLogitsBackward>)
Loss: tensor(0.0817, device='cuda:0', grad_fn=<BinaryCrossEntropyWithLogitsBackward>)
Loss: tensor(0.0822, device='cuda:0', grad_fn=<BinaryCrossEntropyWithLogitsBackward>)
Loss: tensor(0.0752, device='cuda:0', grad_fn=<BinaryCrossEntropyWithLogitsBackward>)
Loss: tensor(0.0767, device='cuda:0', grad_fn=<BinaryCrossEntropyWithLogitsBackward>)
Loss: tensor(0.0807, device='cuda:0', grad_fn=<BinaryCrossEntropyWithLogitsBackward>)
Loss: tensor(0.0749, device='cuda:0', grad_fn=<BinaryCrossEntropyWithLogitsBackward>)
Loss: tensor(0.0796, device='cuda:0', grad_fn=<BinaryCrossEntropyWithLogitsBackward>)
Loss: tensor(0.0736, device='cuda:0', grad_fn=<BinaryCrossEntropyWithLogitsBackward>)
Loss: tensor(0.0783, device='cuda:0', grad_fn=<BinaryCrossEntropyWithLogitsBackward>)
Loss: tensor(0.0813, device='cuda:0', grad_fn=<BinaryCrossEntropyWithLogitsBackward>)
Loss: tensor(0.0773, device='cuda:0', grad_fn=<BinaryCrossEntropyWithLogitsBackward>)
Loss: tensor(0.0881, device='cuda:0', grad_fn=<BinaryCrossEntropyWithLogitsBackward>)
Loss: tensor(0.0766, device='cuda:0', grad_fn=<BinaryCrossEntropyWithLogitsBackward>)
Loss: tensor(0.0772, device='cuda:0', grad_fn=<BinaryCrossEntropyWithLogitsBackward>)
Loss: tensor(0.0762, device='cuda:0', grad_fn=<BinaryCrossEntropyWithLogitsBackward>)
Loss: tensor(0.0742, device='cuda:0', grad_fn=<BinaryCrossEntropyWithLogitsBackward>)
Loss: tensor(0.0757, device='cuda:0', grad_fn=<BinaryCrossEntropyWithLogitsBackward>)
Loss: tensor(0.0740, device='cuda:0', grad_fn=<BinaryCrossEntropyWithLogitsBackward>)
Loss: tensor(0.0809, device='cuda:0', grad_fn=<BinaryCrossEntropyWithLogitsBackward>)
Loss: tensor(0.0811, device='cuda:0', grad_fn=<BinaryCrossEntropyWithLogitsBackward>)
Loss: tensor(0.0730, device='cuda:0', grad_fn=<BinaryCrossEntropyWithLogitsBackward>)
Loss: tensor(0.0853, device='cuda:0', grad_fn=<BinaryCrossEntropyWithLogitsBackward>)
Loss: tensor(0.0667, device='cuda:0', grad_fn=<BinaryCrossEntropyWithLogitsBackward>)
Loss: tensor(0.0741, device='cuda:0', grad_fn=<BinaryCrossEntropyWithLogitsBackward>)
Loss: tensor(0.0761, device='cuda:0', grad_fn=<BinaryCrossEntropyWithLogitsBackward>)
Loss: tensor(0.0825, device='cuda:0', grad_fn=<BinaryCrossEntropyWithLogitsBackward>)
Loss: tensor(0.0717, device='cuda:0', grad_fn=<BinaryCrossEntropyWithLogitsBackward>)
Loss: tensor(0.0725, device='cuda:0', grad_fn=<BinaryCrossEntropyWithLogitsBackward>)
Loss: tensor(0.0619, device='cuda:0', grad_fn=<BinaryCrossEntropyWithLogitsBackward>)
Loss: tensor(0.0618, device='cuda:0', grad_fn=<BinaryCrossEntropyWithLogitsBackward>)
Loss: tensor(0.0684, device='cuda:0', grad_fn=<BinaryCrossEntropyWithLogitsBackward>)
Loss: tensor(0.0668, device='cuda:0', grad_fn=<BinaryCrossEntropyWithLogitsBackward>)
Loss: tensor(0.0694, device='cuda:0', grad_fn=<BinaryCrossEntropyWithLogitsBackward>)
Loss: tensor(0.0645, device='cuda:0', grad_fn=<BinaryCrossEntropyWithLogitsBackward>)
Loss: tensor(0.0629, device='cuda:0', grad_fn=<BinaryCrossEntropyWithLogitsBackward>)
Loss: tensor(0.0634, device='cuda:0', grad_fn=<BinaryCrossEntropyWithLogitsBackward>)
Loss: tensor(0.0602, device='cuda:0', grad_fn=<BinaryCrossEntropyWithLogitsBackward>)
Loss: tensor(0.0747, device='cuda:0', grad_fn=<BinaryCrossEntropyWithLogitsBackward>)
Loss: tensor(0.0710, device='cuda:0', grad_fn=<BinaryCrossEntropyWithLogitsBackward>)
Loss: tensor(0.0749, device='cuda:0', grad_fn=<BinaryCrossEntropyWithLogitsBackward>)
Loss: tensor(0.0596, device='cuda:0', grad_fn=<BinaryCrossEntropyWithLogitsBackward>)
Loss: tensor(0.0796, device='cuda:0', grad_fn=<BinaryCrossEntropyWithLogitsBackward>)
Loss: tensor(0.0713, device='cuda:0', grad_fn=<BinaryCrossEntropyWithLogitsBackward>)
Loss: tensor(0.0586, device='cuda:0', grad_fn=<BinaryCrossEntropyWithLogitsBackward>)
Loss: tensor(0.0659, device='cuda:0', grad_fn=<BinaryCrossEntropyWithLogitsBackward>)
Loss: tensor(0.0601, device='cuda:0', grad_fn=<BinaryCrossEntropyWithLogitsBackward>)
Loss: tensor(0.0627, device='cuda:0', grad_fn=<BinaryCrossEntropyWithLogitsBackward>)
Loss: tensor(0.0709, device='cuda:0', grad_fn=<BinaryCrossEntropyWithLogitsBackward>)
Loss: tensor(0.0524, device='cuda:0', grad_fn=<BinaryCrossEntropyWithLogitsBackward>)
Loss: tensor(0.0714, device='cuda:0', grad_fn=<BinaryCrossEntropyWithLogitsBackward>)
Loss: tensor(0.0602, device='cuda:0', grad_fn=<BinaryCrossEntropyWithLogitsBackward>)
Loss: tensor(0.0606, device='cuda:0', grad_fn=<BinaryCrossEntropyWithLogitsBackward>)
Loss: tensor(0.0537, device='cuda:0', grad_fn=<BinaryCrossEntropyWithLogitsBackward>)
Loss: tensor(0.0647, device='cuda:0', grad_fn=<BinaryCrossEntropyWithLogitsBackward>)
Loss: tensor(0.0620, device='cuda:0', grad_fn=<BinaryCrossEntropyWithLogitsBackward>)
Loss: tensor(0.0550, device='cuda:0', grad_fn=<BinaryCrossEntropyWithLogitsBackward>)
Loss: tensor(0.0550, device='cuda:0', grad_fn=<BinaryCrossEntropyWithLogitsBackward>)
Loss: tensor(0.0560, device='cuda:0', grad_fn=<BinaryCrossEntropyWithLogitsBackward>)
Loss: tensor(0.0652, device='cuda:0', grad_fn=<BinaryCrossEntropyWithLogitsBackward>)
Loss: tensor(0.0541, device='cuda:0', grad_fn=<BinaryCrossEntropyWithLogitsBackward>)
Loss: tensor(0.0619, device='cuda:0', grad_fn=<BinaryCrossEntropyWithLogitsBackward>)
Loss: tensor(0.0576, device='cuda:0', grad_fn=<BinaryCrossEntropyWithLogitsBackward>)
Loss: tensor(0.0527, device='cuda:0', grad_fn=<BinaryCrossEntropyWithLogitsBackward>)
Loss: tensor(0.0549, device='cuda:0', grad_fn=<BinaryCrossEntropyWithLogitsBackward>)
Loss: tensor(0.0664, device='cuda:0', grad_fn=<BinaryCrossEntropyWithLogitsBackward>)
Loss: tensor(0.0644, device='cuda:0', grad_fn=<BinaryCrossEntropyWithLogitsBackward>)
Loss: tensor(0.0623, device='cuda:0', grad_fn=<BinaryCrossEntropyWithLogitsBackward>)
Loss: tensor(0.0566, device='cuda:0', grad_fn=<BinaryCrossEntropyWithLogitsBackward>)
Loss: tensor(0.0523, device='cuda:0', grad_fn=<BinaryCrossEntropyWithLogitsBackward>)
Loss: tensor(0.0569, device='cuda:0', grad_fn=<BinaryCrossEntropyWithLogitsBackward>)
Loss: tensor(0.0590, device='cuda:0', grad_fn=<BinaryCrossEntropyWithLogitsBackward>)
Loss: tensor(0.0623, device='cuda:0', grad_fn=<BinaryCrossEntropyWithLogitsBackward>)
Loss: tensor(0.0622, device='cuda:0', grad_fn=<BinaryCrossEntropyWithLogitsBackward>)
Loss: tensor(0.0550, device='cuda:0', grad_fn=<BinaryCrossEntropyWithLogitsBackward>)
Loss: tensor(0.0657, device='cuda:0', grad_fn=<BinaryCrossEntropyWithLogitsBackward>)
Loss: tensor(0.0531, device='cuda:0', grad_fn=<BinaryCrossEntropyWithLogitsBackward>)
Loss: tensor(0.0524, device='cuda:0', grad_fn=<BinaryCrossEntropyWithLogitsBackward>)
Loss: tensor(0.0557, device='cuda:0', grad_fn=<BinaryCrossEntropyWithLogitsBackward>)
Loss: tensor(0.0512, device='cuda:0', grad_fn=<BinaryCrossEntropyWithLogitsBackward>)
Loss: tensor(0.0517, device='cuda:0', grad_fn=<BinaryCrossEntropyWithLogitsBackward>)
Loss: tensor(0.0503, device='cuda:0', grad_fn=<BinaryCrossEntropyWithLogitsBackward>)
Loss: tensor(0.0468, device='cuda:0', grad_fn=<BinaryCrossEntropyWithLogitsBackward>)
Loss: tensor(0.0530, device='cuda:0', grad_fn=<BinaryCrossEntropyWithLogitsBackward>)
Loss: tensor(0.0562, device='cuda:0', grad_fn=<BinaryCrossEntropyWithLogitsBackward>)
Loss: tensor(0.0477, device='cuda:0', grad_fn=<BinaryCrossEntropyWithLogitsBackward>)
Loss: tensor(0.0566, device='cuda:0', grad_fn=<BinaryCrossEntropyWithLogitsBackward>)
Loss: tensor(0.0551, device='cuda:0', grad_fn=<BinaryCrossEntropyWithLogitsBackward>)
Loss: tensor(0.0648, device='cuda:0', grad_fn=<BinaryCrossEntropyWithLogitsBackward>)
Loss: tensor(0.0469, device='cuda:0', grad_fn=<BinaryCrossEntropyWithLogitsBackward>)
Loss: tensor(0.0628, device='cuda:0', grad_fn=<BinaryCrossEntropyWithLogitsBackward>)
Loss: tensor(0.0482, device='cuda:0', grad_fn=<BinaryCrossEntropyWithLogitsBackward>)
Loss: tensor(0.0583, device='cuda:0', grad_fn=<BinaryCrossEntropyWithLogitsBackward>)
Loss: tensor(0.0471, device='cuda:0', grad_fn=<BinaryCrossEntropyWithLogitsBackward>)
Loss: tensor(0.0465, device='cuda:0', grad_fn=<BinaryCrossEntropyWithLogitsBackward>)
Loss: tensor(0.0478, device='cuda:0', grad_fn=<BinaryCrossEntropyWithLogitsBackward>)
Loss: tensor(0.0568, device='cuda:0', grad_fn=<BinaryCrossEntropyWithLogitsBackward>)
Loss: tensor(0.0493, device='cuda:0', grad_fn=<BinaryCrossEntropyWithLogitsBackward>)
Loss: tensor(0.0548, device='cuda:0', grad_fn=<BinaryCrossEntropyWithLogitsBackward>)
Loss: tensor(0.0407, device='cuda:0', grad_fn=<BinaryCrossEntropyWithLogitsBackward>)
Loss: tensor(0.0582, device='cuda:0', grad_fn=<BinaryCrossEntropyWithLogitsBackward>)
Loss: tensor(0.0489, device='cuda:0', grad_fn=<BinaryCrossEntropyWithLogitsBackward>)
Loss: tensor(0.0495, device='cuda:0', grad_fn=<BinaryCrossEntropyWithLogitsBackward>)
Loss: tensor(0.0491, device='cuda:0', grad_fn=<BinaryCrossEntropyWithLogitsBackward>)
Loss: tensor(0.0553, device='cuda:0', grad_fn=<BinaryCrossEntropyWithLogitsBackward>)
Loss: tensor(0.0450, device='cuda:0', grad_fn=<BinaryCrossEntropyWithLogitsBackward>)
Loss: tensor(0.0442, device='cuda:0', grad_fn=<BinaryCrossEntropyWithLogitsBackward>)
Loss: tensor(0.0381, device='cuda:0', grad_fn=<BinaryCrossEntropyWithLogitsBackward>)
Loss: tensor(0.0518, device='cuda:0', grad_fn=<BinaryCrossEntropyWithLogitsBackward>)
Loss: tensor(0.0536, device='cuda:0', grad_fn=<BinaryCrossEntropyWithLogitsBackward>)
Loss: tensor(0.0526, device='cuda:0', grad_fn=<BinaryCrossEntropyWithLogitsBackward>)
Loss: tensor(0.0495, device='cuda:0', grad_fn=<BinaryCrossEntropyWithLogitsBackward>)
Loss: tensor(0.0507, device='cuda:0', grad_fn=<BinaryCrossEntropyWithLogitsBackward>)
Loss: tensor(0.0477, device='cuda:0', grad_fn=<BinaryCrossEntropyWithLogitsBackward>)
Loss: tensor(0.0507, device='cuda:0', grad_fn=<BinaryCrossEntropyWithLogitsBackward>)
Loss: tensor(0.0435, device='cuda:0', grad_fn=<BinaryCrossEntropyWithLogitsBackward>)
Loss: tensor(0.0484, device='cuda:0', grad_fn=<BinaryCrossEntropyWithLogitsBackward>)
Loss: tensor(0.0395, device='cuda:0', grad_fn=<BinaryCrossEntropyWithLogitsBackward>)
Loss: tensor(0.0520, device='cuda:0', grad_fn=<BinaryCrossEntropyWithLogitsBackward>)
Loss: tensor(0.0433, device='cuda:0', grad_fn=<BinaryCrossEntropyWithLogitsBackward>)
Loss: tensor(0.0391, device='cuda:0', grad_fn=<BinaryCrossEntropyWithLogitsBackward>)
Loss: tensor(0.0504, device='cuda:0', grad_fn=<BinaryCrossEntropyWithLogitsBackward>)
Loss: tensor(0.0463, device='cuda:0', grad_fn=<BinaryCrossEntropyWithLogitsBackward>)
Loss: tensor(0.0397, device='cuda:0', grad_fn=<BinaryCrossEntropyWithLogitsBackward>)
Loss: tensor(0.0421, device='cuda:0', grad_fn=<BinaryCrossEntropyWithLogitsBackward>)
Loss: tensor(0.0439, device='cuda:0', grad_fn=<BinaryCrossEntropyWithLogitsBackward>)
Loss: tensor(0.0441, device='cuda:0', grad_fn=<BinaryCrossEntropyWithLogitsBackward>)
Loss: tensor(0.0360, device='cuda:0', grad_fn=<BinaryCrossEntropyWithLogitsBackward>)
Loss: tensor(0.0402, device='cuda:0', grad_fn=<BinaryCrossEntropyWithLogitsBackward>)
Loss: tensor(0.0459, device='cuda:0', grad_fn=<BinaryCrossEntropyWithLogitsBackward>)
Loss: tensor(0.0493, device='cuda:0', grad_fn=<BinaryCrossEntropyWithLogitsBackward>)
Loss: tensor(0.0378, device='cuda:0', grad_fn=<BinaryCrossEntropyWithLogitsBackward>)
Loss: tensor(0.0465, device='cuda:0', grad_fn=<BinaryCrossEntropyWithLogitsBackward>)
Loss: tensor(0.0433, device='cuda:0', grad_fn=<BinaryCrossEntropyWithLogitsBackward>)
Loss: tensor(0.0477, device='cuda:0', grad_fn=<BinaryCrossEntropyWithLogitsBackward>)
Loss: tensor(0.0365, device='cuda:0', grad_fn=<BinaryCrossEntropyWithLogitsBackward>)
Loss: tensor(0.0474, device='cuda:0', grad_fn=<BinaryCrossEntropyWithLogitsBackward>)
Loss: tensor(0.0355, device='cuda:0', grad_fn=<BinaryCrossEntropyWithLogitsBackward>)
Loss: tensor(0.0437, device='cuda:0', grad_fn=<BinaryCrossEntropyWithLogitsBackward>)
Loss: tensor(0.0384, device='cuda:0', grad_fn=<BinaryCrossEntropyWithLogitsBackward>)
Loss: tensor(0.0355, device='cuda:0', grad_fn=<BinaryCrossEntropyWithLogitsBackward>)
Loss: tensor(0.0366, device='cuda:0', grad_fn=<BinaryCrossEntropyWithLogitsBackward>)
Loss: tensor(0.0449, device='cuda:0', grad_fn=<BinaryCrossEntropyWithLogitsBackward>)
Loss: tensor(0.0412, device='cuda:0', grad_fn=<BinaryCrossEntropyWithLogitsBackward>)
Loss: tensor(0.0393, device='cuda:0', grad_fn=<BinaryCrossEntropyWithLogitsBackward>)
Loss: tensor(0.0463, device='cuda:0', grad_fn=<BinaryCrossEntropyWithLogitsBackward>)
Loss: tensor(0.0488, device='cuda:0', grad_fn=<BinaryCrossEntropyWithLogitsBackward>)
Loss: tensor(0.0375, device='cuda:0', grad_fn=<BinaryCrossEntropyWithLogitsBackward>)
Loss: tensor(0.0406, device='cuda:0', grad_fn=<BinaryCrossEntropyWithLogitsBackward>)
Loss: tensor(0.0341, device='cuda:0', grad_fn=<BinaryCrossEntropyWithLogitsBackward>)
Loss: tensor(0.0306, device='cuda:0', grad_fn=<BinaryCrossEntropyWithLogitsBackward>)
Loss: tensor(0.0407, device='cuda:0', grad_fn=<BinaryCrossEntropyWithLogitsBackward>)
Loss: tensor(0.0346, device='cuda:0', grad_fn=<BinaryCrossEntropyWithLogitsBackward>)
Loss: tensor(0.0360, device='cuda:0', grad_fn=<BinaryCrossEntropyWithLogitsBackward>)
Loss: tensor(0.0372, device='cuda:0', grad_fn=<BinaryCrossEntropyWithLogitsBackward>)
Loss: tensor(0.0399, device='cuda:0', grad_fn=<BinaryCrossEntropyWithLogitsBackward>)
Loss: tensor(0.0365, device='cuda:0', grad_fn=<BinaryCrossEntropyWithLogitsBackward>)
Loss: tensor(0.0343, device='cuda:0', grad_fn=<BinaryCrossEntropyWithLogitsBackward>)
Loss: tensor(0.0345, device='cuda:0', grad_fn=<BinaryCrossEntropyWithLogitsBackward>)
Loss: tensor(0.0433, device='cuda:0', grad_fn=<BinaryCrossEntropyWithLogitsBackward>)
Loss: tensor(0.0402, device='cuda:0', grad_fn=<BinaryCrossEntropyWithLogitsBackward>)
Loss: tensor(0.0380, device='cuda:0', grad_fn=<BinaryCrossEntropyWithLogitsBackward>)
Loss: tensor(0.0348, device='cuda:0', grad_fn=<BinaryCrossEntropyWithLogitsBackward>)
Loss: tensor(0.0325, device='cuda:0', grad_fn=<BinaryCrossEntropyWithLogitsBackward>)
Loss: tensor(0.0368, device='cuda:0', grad_fn=<BinaryCrossEntropyWithLogitsBackward>)
Loss: tensor(0.0312, device='cuda:0', grad_fn=<BinaryCrossEntropyWithLogitsBackward>)
Loss: tensor(0.0297, device='cuda:0', grad_fn=<BinaryCrossEntropyWithLogitsBackward>)
Loss: tensor(0.0318, device='cuda:0', grad_fn=<BinaryCrossEntropyWithLogitsBackward>)
Loss: tensor(0.0381, device='cuda:0', grad_fn=<BinaryCrossEntropyWithLogitsBackward>)
Loss: tensor(0.0339, device='cuda:0', grad_fn=<BinaryCrossEntropyWithLogitsBackward>)
Loss: tensor(0.0292, device='cuda:0', grad_fn=<BinaryCrossEntropyWithLogitsBackward>)
Loss: tensor(0.0351, device='cuda:0', grad_fn=<BinaryCrossEntropyWithLogitsBackward>)
Loss: tensor(0.0413, device='cuda:0', grad_fn=<BinaryCrossEntropyWithLogitsBackward>)
Loss: tensor(0.0360, device='cuda:0', grad_fn=<BinaryCrossEntropyWithLogitsBackward>)
Loss: tensor(0.0346, device='cuda:0', grad_fn=<BinaryCrossEntropyWithLogitsBackward>)
Loss: tensor(0.0335, device='cuda:0', grad_fn=<BinaryCrossEntropyWithLogitsBackward>)
Loss: tensor(0.0387, device='cuda:0', grad_fn=<BinaryCrossEntropyWithLogitsBackward>)
Loss: tensor(0.0354, device='cuda:0', grad_fn=<BinaryCrossEntropyWithLogitsBackward>)
Loss: tensor(0.0320, device='cuda:0', grad_fn=<BinaryCrossEntropyWithLogitsBackward>)
Loss: tensor(0.0322, device='cuda:0', grad_fn=<BinaryCrossEntropyWithLogitsBackward>)
Loss: tensor(0.0380, device='cuda:0', grad_fn=<BinaryCrossEntropyWithLogitsBackward>)
Loss: tensor(0.0394, device='cuda:0', grad_fn=<BinaryCrossEntropyWithLogitsBackward>)
Loss: tensor(0.0341, device='cuda:0', grad_fn=<BinaryCrossEntropyWithLogitsBackward>)
Loss: tensor(0.0312, device='cuda:0', grad_fn=<BinaryCrossEntropyWithLogitsBackward>)
Loss: tensor(0.0318, device='cuda:0', grad_fn=<BinaryCrossEntropyWithLogitsBackward>)
Loss: tensor(0.0342, device='cuda:0', grad_fn=<BinaryCrossEntropyWithLogitsBackward>)
Loss: tensor(0.0297, device='cuda:0', grad_fn=<BinaryCrossEntropyWithLogitsBackward>)
Loss: tensor(0.0340, device='cuda:0', grad_fn=<BinaryCrossEntropyWithLogitsBackward>)
Loss: tensor(0.0330, device='cuda:0', grad_fn=<BinaryCrossEntropyWithLogitsBackward>)
Loss: tensor(0.0430, device='cuda:0', grad_fn=<BinaryCrossEntropyWithLogitsBackward>)
Loss: tensor(0.0337, device='cuda:0', grad_fn=<BinaryCrossEntropyWithLogitsBackward>)
Early stopping!
Loading 316th epoch
tensor(0.8280, device='cuda:0')
tensor(0.8300, device='cuda:0')
tensor(0.8290, device='cuda:0')
tensor(0.8290, device='cuda:0')
tensor(0.8290, device='cuda:0')
tensor(0.8280, device='cuda:0')
tensor(0.8310, device='cuda:0')
tensor(0.8270, device='cuda:0')
tensor(0.8270, device='cuda:0')
tensor(0.8270, device='cuda:0')
tensor(0.8290, device='cuda:0')
tensor(0.8250, device='cuda:0')
tensor(0.8290, device='cuda:0')
tensor(0.8280, device='cuda:0')
tensor(0.8270, device='cuda:0')
tensor(0.8280, device='cuda:0')
tensor(0.8290, device='cuda:0')
tensor(0.8250, device='cuda:0')
tensor(0.8280, device='cuda:0')
tensor(0.8280, device='cuda:0')
tensor(0.8280, device='cuda:0')
tensor(0.8260, device='cuda:0')
tensor(0.8280, device='cuda:0')
tensor(0.8260, device='cuda:0')
tensor(0.8290, device='cuda:0')
tensor(0.8290, device='cuda:0')
tensor(0.8300, device='cuda:0')
tensor(0.8250, device='cuda:0')
tensor(0.8280, device='cuda:0')
tensor(0.8290, device='cuda:0')
tensor(0.8300, device='cuda:0')
tensor(0.8290, device='cuda:0')
tensor(0.8270, device='cuda:0')
tensor(0.8270, device='cuda:0')
tensor(0.8260, device='cuda:0')
tensor(0.8270, device='cuda:0')
tensor(0.8300, device='cuda:0')
tensor(0.8260, device='cuda:0')
tensor(0.8300, device='cuda:0')
tensor(0.8300, device='cuda:0')
tensor(0.8300, device='cuda:0')
tensor(0.8280, device='cuda:0')
tensor(0.8260, device='cuda:0')
tensor(0.8280, device='cuda:0')
tensor(0.8270, device='cuda:0')
tensor(0.8270, device='cuda:0')
tensor(0.8290, device='cuda:0')
tensor(0.8290, device='cuda:0')
tensor(0.8290, device='cuda:0')
tensor(0.8290, device='cuda:0')
Average accuracy: tensor([0.8281], device='cuda:0')
tensor(82.8060, device='cuda:0')
tensor(0.1476, device='cuda:0')
