preprocessing...
generating test/val sets...
creating false test edges...
creating false val edges...
creating false train edges...
final checks for disjointness...
creating adj_train...
Done with train-test split!


epoch:0 loss:0.69
epoch:1 loss:0.69
epoch:2 loss:0.69
epoch:3 loss:0.69
epoch:4 loss:0.69
epoch:5 loss:0.69
epoch:6 loss:0.69
epoch:7 loss:0.69
epoch:8 loss:0.69
epoch:9 loss:0.69
epoch:10 loss:0.69
epoch:11 loss:0.69
epoch:12 loss:0.69
epoch:13 loss:0.69
epoch:14 loss:0.69
epoch:15 loss:0.69
epoch:16 loss:0.69
epoch:17 loss:0.69
epoch:18 loss:0.69
epoch:19 loss:0.69
epoch:20 loss:0.69
epoch:21 loss:0.69
epoch:22 loss:0.69
epoch:23 loss:0.69
epoch:24 loss:0.69
epoch:25 loss:0.69
epoch:26 loss:0.69
epoch:27 loss:0.69
epoch:28 loss:0.69
epoch:29 loss:0.69
epoch:30 loss:0.69
epoch:31 loss:0.69
epoch:32 loss:0.69
epoch:33 loss:0.69
epoch:34 loss:0.69
epoch:35 loss:0.69
epoch:36 loss:0.69
epoch:37 loss:0.69
epoch:38 loss:0.69
epoch:39 loss:0.69
epoch:40 loss:0.69
epoch:41 loss:0.69
epoch:42 loss:0.69
epoch:43 loss:0.69
epoch:44 loss:0.69
epoch:45 loss:0.69
epoch:46 loss:0.69
epoch:47 loss:0.69
epoch:48 loss:0.69
epoch:49 loss:0.69
epoch:50 loss:0.69
epoch:51 loss:0.69
epoch:52 loss:0.69
epoch:53 loss:0.69
epoch:54 loss:0.69
epoch:55 loss:0.69
epoch:56 loss:0.69
epoch:57 loss:0.69
epoch:58 loss:0.69
epoch:59 loss:0.68
epoch:60 loss:0.68
epoch:61 loss:0.68
epoch:62 loss:0.68
epoch:63 loss:0.68
epoch:64 loss:0.68
epoch:65 loss:0.68
epoch:66 loss:0.68
epoch:67 loss:0.68
epoch:68 loss:0.68
epoch:69 loss:0.68
epoch:70 loss:0.68
epoch:71 loss:0.68
epoch:72 loss:0.68
epoch:73 loss:0.68
epoch:74 loss:0.68
epoch:75 loss:0.68
epoch:76 loss:0.68
epoch:77 loss:0.68
epoch:78 loss:0.68
epoch:79 loss:0.68
epoch:80 loss:0.68
epoch:81 loss:0.68
epoch:82 loss:0.68
epoch:83 loss:0.68
epoch:84 loss:0.68
epoch:85 loss:0.68
epoch:86 loss:0.68
epoch:87 loss:0.68
epoch:88 loss:0.68
epoch:89 loss:0.68
epoch:90 loss:0.68
epoch:91 loss:0.68
epoch:92 loss:0.67
epoch:93 loss:0.67
epoch:94 loss:0.67
epoch:95 loss:0.67
epoch:96 loss:0.67
epoch:97 loss:0.67
epoch:98 loss:0.67
epoch:99 loss:0.67
epoch:100 loss:0.67
epoch:101 loss:0.67
epoch:102 loss:0.67
epoch:103 loss:0.67
epoch:104 loss:0.67
epoch:105 loss:0.67
epoch:106 loss:0.67
epoch:107 loss:0.67
epoch:108 loss:0.67
epoch:109 loss:0.67
epoch:110 loss:0.67
epoch:111 loss:0.67
epoch:112 loss:0.67
epoch:113 loss:0.67
epoch:114 loss:0.67
epoch:115 loss:0.67
epoch:116 loss:0.67
epoch:117 loss:0.67
epoch:118 loss:0.67
epoch:119 loss:0.67
epoch:120 loss:0.66
epoch:121 loss:0.66
epoch:122 loss:0.66
epoch:123 loss:0.66
epoch:124 loss:0.66
epoch:125 loss:0.66
epoch:126 loss:0.66
epoch:127 loss:0.66
epoch:128 loss:0.66
epoch:129 loss:0.66
epoch:130 loss:0.66
epoch:131 loss:0.66
epoch:132 loss:0.66
epoch:133 loss:0.66
epoch:134 loss:0.66
epoch:135 loss:0.66
epoch:136 loss:0.66
epoch:137 loss:0.66
epoch:138 loss:0.66
epoch:139 loss:0.66
epoch:140 loss:0.66
epoch:141 loss:0.66
epoch:142 loss:0.66
epoch:143 loss:0.66
epoch:144 loss:0.66
epoch:145 loss:0.66
epoch:146 loss:0.66
epoch:147 loss:0.66
epoch:148 loss:0.66
epoch:149 loss:0.65
epoch:150 loss:0.65
epoch:151 loss:0.65
epoch:152 loss:0.65
epoch:153 loss:0.65
epoch:154 loss:0.65
epoch:155 loss:0.65
epoch:156 loss:0.65
epoch:157 loss:0.65
epoch:158 loss:0.65
epoch:159 loss:0.65
epoch:160 loss:0.65
epoch:161 loss:0.65
epoch:162 loss:0.65
epoch:163 loss:0.65
epoch:164 loss:0.65
epoch:165 loss:0.65
epoch:166 loss:0.65
epoch:167 loss:0.65
epoch:168 loss:0.65
epoch:169 loss:0.65
epoch:170 loss:0.65
epoch:171 loss:0.65
epoch:172 loss:0.65
epoch:173 loss:0.65
epoch:174 loss:0.65
epoch:175 loss:0.65
epoch:176 loss:0.65
epoch:177 loss:0.65
epoch:178 loss:0.65
epoch:179 loss:0.65
epoch:180 loss:0.65
epoch:181 loss:0.65
epoch:182 loss:0.65
epoch:183 loss:0.65
epoch:184 loss:0.65
epoch:185 loss:0.64
epoch:186 loss:0.64
epoch:187 loss:0.64
epoch:188 loss:0.64
epoch:189 loss:0.64
epoch:190 loss:0.64
epoch:191 loss:0.64
epoch:192 loss:0.64
epoch:193 loss:0.64
epoch:194 loss:0.64
epoch:195 loss:0.64
epoch:196 loss:0.64
epoch:197 loss:0.64
epoch:198 loss:0.64
epoch:199 loss:0.64
epoch:200 loss:0.64
epoch:201 loss:0.64
epoch:202 loss:0.64
epoch:203 loss:0.64
epoch:204 loss:0.64
epoch:205 loss:0.64
epoch:206 loss:0.64
epoch:207 loss:0.64
epoch:208 loss:0.64
epoch:209 loss:0.64
epoch:210 loss:0.64
epoch:211 loss:0.64
epoch:212 loss:0.64
epoch:213 loss:0.64
epoch:214 loss:0.64
epoch:215 loss:0.64
epoch:216 loss:0.64
epoch:217 loss:0.64
epoch:218 loss:0.64
epoch:219 loss:0.64
epoch:220 loss:0.64
epoch:221 loss:0.64
epoch:222 loss:0.64
epoch:223 loss:0.64
epoch:224 loss:0.64
epoch:225 loss:0.64
epoch:226 loss:0.63
epoch:227 loss:0.63
epoch:228 loss:0.64
epoch:229 loss:0.63
epoch:230 loss:0.63
epoch:231 loss:0.63
epoch:232 loss:0.63
epoch:233 loss:0.63
epoch:234 loss:0.63
epoch:235 loss:0.63
epoch:236 loss:0.63
epoch:237 loss:0.63
epoch:238 loss:0.63
epoch:239 loss:0.63
epoch:240 loss:0.63
epoch:241 loss:0.63
epoch:242 loss:0.63
epoch:243 loss:0.63
epoch:244 loss:0.63
epoch:245 loss:0.63
epoch:246 loss:0.63
epoch:247 loss:0.63
epoch:248 loss:0.63
epoch:249 loss:0.63
epoch:250 loss:0.63
epoch:251 loss:0.63
epoch:252 loss:0.63
epoch:253 loss:0.63
epoch:254 loss:0.63
epoch:255 loss:0.63
epoch:256 loss:0.63
epoch:257 loss:0.63
epoch:258 loss:0.63
epoch:259 loss:0.63
epoch:260 loss:0.63
epoch:261 loss:0.63
epoch:262 loss:0.63
epoch:263 loss:0.63
epoch:264 loss:0.63
epoch:265 loss:0.63
epoch:266 loss:0.63
epoch:267 loss:0.63
epoch:268 loss:0.62
epoch:269 loss:0.62
epoch:270 loss:0.62
epoch:271 loss:0.62
epoch:272 loss:0.62
epoch:273 loss:0.62
epoch:274 loss:0.62
epoch:275 loss:0.62
epoch:276 loss:0.62
epoch:277 loss:0.62
epoch:278 loss:0.62
epoch:279 loss:0.62
epoch:280 loss:0.62
epoch:281 loss:0.62
epoch:282 loss:0.62
epoch:283 loss:0.62
epoch:284 loss:0.62
epoch:285 loss:0.62
epoch:286 loss:0.62
epoch:287 loss:0.62
epoch:288 loss:0.62
epoch:289 loss:0.62
epoch:290 loss:0.62
epoch:291 loss:0.62
epoch:292 loss:0.62
epoch:293 loss:0.62
epoch:294 loss:0.62
epoch:295 loss:0.62
epoch:296 loss:0.62
epoch:297 loss:0.62
epoch:298 loss:0.62
epoch:299 loss:0.62
epoch:300 loss:0.62
epoch:301 loss:0.62
epoch:302 loss:0.62
epoch:303 loss:0.62
epoch:304 loss:0.62
epoch:305 loss:0.61
epoch:306 loss:0.62
epoch:307 loss:0.61
epoch:308 loss:0.62
epoch:309 loss:0.61
epoch:310 loss:0.61
epoch:311 loss:0.61
epoch:312 loss:0.61
epoch:313 loss:0.61
epoch:314 loss:0.61
epoch:315 loss:0.61
epoch:316 loss:0.61
epoch:317 loss:0.61
epoch:318 loss:0.61
epoch:319 loss:0.61
epoch:320 loss:0.61
epoch:321 loss:0.61
epoch:322 loss:0.61
epoch:323 loss:0.61
epoch:324 loss:0.61
epoch:325 loss:0.61
epoch:326 loss:0.61
epoch:327 loss:0.61
epoch:328 loss:0.61
epoch:329 loss:0.61
epoch:330 loss:0.61
epoch:331 loss:0.61
epoch:332 loss:0.61
epoch:333 loss:0.61
epoch:334 loss:0.61
epoch:335 loss:0.61
epoch:336 loss:0.61
epoch:337 loss:0.61
epoch:338 loss:0.61
epoch:339 loss:0.61
epoch:340 loss:0.61
epoch:341 loss:0.61
epoch:342 loss:0.61
epoch:343 loss:0.61
epoch:344 loss:0.61
epoch:345 loss:0.61
epoch:346 loss:0.60
epoch:347 loss:0.60
epoch:348 loss:0.60
epoch:349 loss:0.60
epoch:350 loss:0.60
epoch:351 loss:0.60
epoch:352 loss:0.60
epoch:353 loss:0.60
epoch:354 loss:0.60
epoch:355 loss:0.60
epoch:356 loss:0.60
epoch:357 loss:0.60
epoch:358 loss:0.60
epoch:359 loss:0.60
epoch:360 loss:0.60
epoch:361 loss:0.60
epoch:362 loss:0.60
epoch:363 loss:0.60
epoch:364 loss:0.60
epoch:365 loss:0.60
epoch:366 loss:0.60
epoch:367 loss:0.60
epoch:368 loss:0.60
epoch:369 loss:0.60
epoch:370 loss:0.60
epoch:371 loss:0.60
epoch:372 loss:0.60
epoch:373 loss:0.60
epoch:374 loss:0.60
epoch:375 loss:0.60
epoch:376 loss:0.60
epoch:377 loss:0.60
epoch:378 loss:0.60
epoch:379 loss:0.60
epoch:380 loss:0.60
epoch:381 loss:0.60
epoch:382 loss:0.60
epoch:383 loss:0.60
epoch:384 loss:0.60
epoch:385 loss:0.60
epoch:386 loss:0.60
epoch:387 loss:0.59
epoch:388 loss:0.59
epoch:389 loss:0.59
epoch:390 loss:0.60
epoch:391 loss:0.59
epoch:392 loss:0.59
epoch:393 loss:0.59
epoch:394 loss:0.59
epoch:395 loss:0.59
epoch:396 loss:0.59
epoch:397 loss:0.59
epoch:398 loss:0.59
epoch:399 loss:0.59
epoch:400 loss:0.59
epoch:401 loss:0.59
epoch:402 loss:0.59
epoch:403 loss:0.59
epoch:404 loss:0.59
epoch:405 loss:0.59
epoch:406 loss:0.59
epoch:407 loss:0.59
epoch:408 loss:0.59
epoch:409 loss:0.59
epoch:410 loss:0.59
epoch:411 loss:0.59
epoch:412 loss:0.59
epoch:413 loss:0.59
epoch:414 loss:0.59
epoch:415 loss:0.59
epoch:416 loss:0.59
epoch:417 loss:0.59
epoch:418 loss:0.59
epoch:419 loss:0.59
epoch:420 loss:0.59
epoch:421 loss:0.59
epoch:422 loss:0.59
epoch:423 loss:0.59
epoch:424 loss:0.59
epoch:425 loss:0.59
epoch:426 loss:0.59
epoch:427 loss:0.59
epoch:428 loss:0.59
epoch:429 loss:0.59
epoch:430 loss:0.59
epoch:431 loss:0.59
epoch:432 loss:0.59
epoch:433 loss:0.59
epoch:434 loss:0.59
epoch:435 loss:0.59
epoch:436 loss:0.58
epoch:437 loss:0.58
epoch:438 loss:0.58
epoch:439 loss:0.58
epoch:440 loss:0.59
epoch:441 loss:0.58
epoch:442 loss:0.58
epoch:443 loss:0.58
epoch:444 loss:0.58
epoch:445 loss:0.58
epoch:446 loss:0.58
epoch:447 loss:0.58
epoch:448 loss:0.58
epoch:449 loss:0.58
epoch:450 loss:0.58
epoch:451 loss:0.58
epoch:452 loss:0.58
epoch:453 loss:0.58
epoch:454 loss:0.58
epoch:455 loss:0.58
epoch:456 loss:0.58
epoch:457 loss:0.58
epoch:458 loss:0.58
epoch:459 loss:0.58
epoch:460 loss:0.58
epoch:461 loss:0.58
epoch:462 loss:0.58
epoch:463 loss:0.58
epoch:464 loss:0.58
epoch:465 loss:0.58
epoch:466 loss:0.58
epoch:467 loss:0.58
epoch:468 loss:0.58
epoch:469 loss:0.58
epoch:470 loss:0.58
epoch:471 loss:0.58
epoch:472 loss:0.58
epoch:473 loss:0.58
epoch:474 loss:0.58
epoch:475 loss:0.58
epoch:476 loss:0.58
epoch:477 loss:0.58
epoch:478 loss:0.58
epoch:479 loss:0.58
epoch:480 loss:0.58
epoch:481 loss:0.58
epoch:482 loss:0.58
epoch:483 loss:0.58
epoch:484 loss:0.58
epoch:485 loss:0.58
epoch:486 loss:0.58
epoch:487 loss:0.58
epoch:488 loss:0.58
epoch:489 loss:0.58
epoch:490 loss:0.58
epoch:491 loss:0.58
epoch:492 loss:0.58
epoch:493 loss:0.58
epoch:494 loss:0.58
epoch:495 loss:0.58
epoch:496 loss:0.58
epoch:497 loss:0.58
epoch:498 loss:0.57
epoch:499 loss:0.57
epoch:500 loss:0.57
epoch:501 loss:0.58
epoch:502 loss:0.57
epoch:503 loss:0.57
epoch:504 loss:0.58
epoch:505 loss:0.57
epoch:506 loss:0.57
epoch:507 loss:0.57
epoch:508 loss:0.57
epoch:509 loss:0.57
epoch:510 loss:0.57
epoch:511 loss:0.57
epoch:512 loss:0.57
epoch:513 loss:0.57
epoch:514 loss:0.57
epoch:515 loss:0.57
epoch:516 loss:0.57
epoch:517 loss:0.57
epoch:518 loss:0.57
epoch:519 loss:0.57
epoch:520 loss:0.57
epoch:521 loss:0.57
epoch:522 loss:0.57
epoch:523 loss:0.57
epoch:524 loss:0.57
epoch:525 loss:0.57
epoch:526 loss:0.57
epoch:527 loss:0.57
epoch:528 loss:0.57
epoch:529 loss:0.57
epoch:530 loss:0.57
epoch:531 loss:0.57
epoch:532 loss:0.57
epoch:533 loss:0.57
epoch:534 loss:0.57
epoch:535 loss:0.57
epoch:536 loss:0.57
epoch:537 loss:0.57
epoch:538 loss:0.57
epoch:539 loss:0.57
epoch:540 loss:0.57
epoch:541 loss:0.57
epoch:542 loss:0.57
epoch:543 loss:0.57
epoch:544 loss:0.57
epoch:545 loss:0.57
epoch:546 loss:0.57
epoch:547 loss:0.57
epoch:548 loss:0.57
epoch:549 loss:0.57
epoch:550 loss:0.57
epoch:551 loss:0.57
epoch:552 loss:0.57
epoch:553 loss:0.57
epoch:554 loss:0.57
epoch:555 loss:0.57
epoch:556 loss:0.57
epoch:557 loss:0.57
epoch:558 loss:0.57
epoch:559 loss:0.57
epoch:560 loss:0.57
epoch:561 loss:0.57
epoch:562 loss:0.57
epoch:563 loss:0.57
epoch:564 loss:0.57
epoch:565 loss:0.57
epoch:566 loss:0.57
epoch:567 loss:0.57
epoch:568 loss:0.57
epoch:569 loss:0.57
epoch:570 loss:0.56
epoch:571 loss:0.57
epoch:572 loss:0.56
epoch:573 loss:0.56
epoch:574 loss:0.57
epoch:575 loss:0.56
epoch:576 loss:0.56
epoch:577 loss:0.56
epoch:578 loss:0.56
epoch:579 loss:0.56
epoch:580 loss:0.57
epoch:581 loss:0.56
epoch:582 loss:0.56
epoch:583 loss:0.56
epoch:584 loss:0.56
epoch:585 loss:0.56
epoch:586 loss:0.56
epoch:587 loss:0.56
epoch:588 loss:0.56
epoch:589 loss:0.56
epoch:590 loss:0.56
epoch:591 loss:0.56
epoch:592 loss:0.56
epoch:593 loss:0.56
epoch:594 loss:0.56
epoch:595 loss:0.56
epoch:596 loss:0.56
epoch:597 loss:0.56
epoch:598 loss:0.56
epoch:599 loss:0.56
epoch:600 loss:0.56
epoch:601 loss:0.56
epoch:602 loss:0.56
epoch:603 loss:0.56
epoch:604 loss:0.56
epoch:605 loss:0.56
epoch:606 loss:0.56
epoch:607 loss:0.56
epoch:608 loss:0.56
epoch:609 loss:0.56
epoch:610 loss:0.56
epoch:611 loss:0.56
epoch:612 loss:0.56
epoch:613 loss:0.56
epoch:614 loss:0.56
epoch:615 loss:0.56
epoch:616 loss:0.56
epoch:617 loss:0.56
epoch:618 loss:0.56
epoch:619 loss:0.56
epoch:620 loss:0.56
epoch:621 loss:0.56
epoch:622 loss:0.56
epoch:623 loss:0.56
epoch:624 loss:0.56
epoch:625 loss:0.56
epoch:626 loss:0.56
epoch:627 loss:0.56
epoch:628 loss:0.56
epoch:629 loss:0.56
epoch:630 loss:0.56
epoch:631 loss:0.56
epoch:632 loss:0.56
epoch:633 loss:0.56
epoch:634 loss:0.56
epoch:635 loss:0.56
epoch:636 loss:0.56
epoch:637 loss:0.56
epoch:638 loss:0.56
epoch:639 loss:0.56
epoch:640 loss:0.56
epoch:641 loss:0.56
epoch:642 loss:0.56
epoch:643 loss:0.56
epoch:644 loss:0.56
epoch:645 loss:0.56
epoch:646 loss:0.56
epoch:647 loss:0.56
epoch:648 loss:0.56
epoch:649 loss:0.56
epoch:650 loss:0.56
epoch:651 loss:0.56
epoch:652 loss:0.56
epoch:653 loss:0.56
epoch:654 loss:0.56
epoch:655 loss:0.56
epoch:656 loss:0.55
epoch:657 loss:0.56
epoch:658 loss:0.56
epoch:659 loss:0.56
epoch:660 loss:0.56
epoch:661 loss:0.56
epoch:662 loss:0.56
epoch:663 loss:0.56
epoch:664 loss:0.55
epoch:665 loss:0.55
epoch:666 loss:0.55
epoch:667 loss:0.55
epoch:668 loss:0.56
epoch:669 loss:0.55
epoch:670 loss:0.55
epoch:671 loss:0.55
epoch:672 loss:0.55
epoch:673 loss:0.55
epoch:674 loss:0.55
epoch:675 loss:0.55
epoch:676 loss:0.55
epoch:677 loss:0.55
epoch:678 loss:0.55
epoch:679 loss:0.55
epoch:680 loss:0.55
epoch:681 loss:0.55
epoch:682 loss:0.55
epoch:683 loss:0.55
epoch:684 loss:0.55
epoch:685 loss:0.55
epoch:686 loss:0.55
epoch:687 loss:0.55
epoch:688 loss:0.55
epoch:689 loss:0.55
epoch:690 loss:0.55
epoch:691 loss:0.55
epoch:692 loss:0.55
epoch:693 loss:0.55
epoch:694 loss:0.55
epoch:695 loss:0.55
epoch:696 loss:0.55
epoch:697 loss:0.55
epoch:698 loss:0.55
epoch:699 loss:0.55
epoch:700 loss:0.55
epoch:701 loss:0.55
epoch:702 loss:0.55
epoch:703 loss:0.55
epoch:704 loss:0.55
epoch:705 loss:0.55
epoch:706 loss:0.55
epoch:707 loss:0.55
epoch:708 loss:0.55
epoch:709 loss:0.55
epoch:710 loss:0.55
epoch:711 loss:0.55
epoch:712 loss:0.55
epoch:713 loss:0.55
epoch:714 loss:0.55
epoch:715 loss:0.55
epoch:716 loss:0.55
epoch:717 loss:0.55
epoch:718 loss:0.55
epoch:719 loss:0.55
epoch:720 loss:0.55
epoch:721 loss:0.55
epoch:722 loss:0.55
epoch:723 loss:0.55
epoch:724 loss:0.55
epoch:725 loss:0.55
epoch:726 loss:0.55
epoch:727 loss:0.55
epoch:728 loss:0.55
epoch:729 loss:0.55
epoch:730 loss:0.55
epoch:731 loss:0.55
epoch:732 loss:0.55
epoch:733 loss:0.55
epoch:734 loss:0.55
epoch:735 loss:0.55
epoch:736 loss:0.55
epoch:737 loss:0.55
epoch:738 loss:0.55
epoch:739 loss:0.55
epoch:740 loss:0.55
epoch:741 loss:0.55
epoch:742 loss:0.55
epoch:743 loss:0.55
epoch:744 loss:0.55
epoch:745 loss:0.55
epoch:746 loss:0.55
epoch:747 loss:0.55
epoch:748 loss:0.55
epoch:749 loss:0.55
epoch:750 loss:0.55
epoch:751 loss:0.55
epoch:752 loss:0.55
epoch:753 loss:0.55
epoch:754 loss:0.55
epoch:755 loss:0.55
epoch:756 loss:0.55
epoch:757 loss:0.55
epoch:758 loss:0.55
epoch:759 loss:0.55
epoch:760 loss:0.55
epoch:761 loss:0.55
epoch:762 loss:0.55
epoch:763 loss:0.55
epoch:764 loss:0.55
epoch:765 loss:0.55
epoch:766 loss:0.55
epoch:767 loss:0.55
epoch:768 loss:0.55
epoch:769 loss:0.55
epoch:770 loss:0.55
epoch:771 loss:0.55
epoch:772 loss:0.55
epoch:773 loss:0.55
epoch:774 loss:0.55
epoch:775 loss:0.54
epoch:776 loss:0.55
epoch:777 loss:0.55
epoch:778 loss:0.54
epoch:779 loss:0.54
epoch:780 loss:0.54
epoch:781 loss:0.54
epoch:782 loss:0.54
epoch:783 loss:0.54
epoch:784 loss:0.55
epoch:785 loss:0.54
epoch:786 loss:0.54
epoch:787 loss:0.54
epoch:788 loss:0.54
epoch:789 loss:0.55
epoch:790 loss:0.54
epoch:791 loss:0.54
epoch:792 loss:0.54
epoch:793 loss:0.54
epoch:794 loss:0.55
epoch:795 loss:0.54
epoch:796 loss:0.54
epoch:797 loss:0.54
epoch:798 loss:0.54
epoch:799 loss:0.54
epoch:800 loss:0.54
epoch:801 loss:0.54
epoch:802 loss:0.54
epoch:803 loss:0.54
epoch:804 loss:0.54
epoch:805 loss:0.54
epoch:806 loss:0.54
epoch:807 loss:0.54
epoch:808 loss:0.54
epoch:809 loss:0.54
epoch:810 loss:0.54
epoch:811 loss:0.54
epoch:812 loss:0.54
epoch:813 loss:0.54
epoch:814 loss:0.54
epoch:815 loss:0.54
epoch:816 loss:0.54
epoch:817 loss:0.54
epoch:818 loss:0.54
epoch:819 loss:0.54
epoch:820 loss:0.54
epoch:821 loss:0.54
epoch:822 loss:0.54
epoch:823 loss:0.54
epoch:824 loss:0.54
epoch:825 loss:0.54
epoch:826 loss:0.54
epoch:827 loss:0.54
epoch:828 loss:0.54
epoch:829 loss:0.54
epoch:830 loss:0.54
epoch:831 loss:0.54
epoch:832 loss:0.54
epoch:833 loss:0.54
epoch:834 loss:0.54
epoch:835 loss:0.54
epoch:836 loss:0.54
epoch:837 loss:0.54
epoch:838 loss:0.54
epoch:839 loss:0.54
epoch:840 loss:0.54
epoch:841 loss:0.54
epoch:842 loss:0.54
epoch:843 loss:0.54
epoch:844 loss:0.54
epoch:845 loss:0.54
epoch:846 loss:0.54
epoch:847 loss:0.54
epoch:848 loss:0.54
epoch:849 loss:0.54
epoch:850 loss:0.54
epoch:851 loss:0.54
epoch:852 loss:0.54
epoch:853 loss:0.54
epoch:854 loss:0.54
epoch:855 loss:0.54
epoch:856 loss:0.54
epoch:857 loss:0.54
epoch:858 loss:0.54
epoch:859 loss:0.54
epoch:860 loss:0.54
epoch:861 loss:0.54
epoch:862 loss:0.54
epoch:863 loss:0.54
epoch:864 loss:0.54
epoch:865 loss:0.54
epoch:866 loss:0.54
epoch:867 loss:0.54
epoch:868 loss:0.54
epoch:869 loss:0.54
epoch:870 loss:0.54
epoch:871 loss:0.54
epoch:872 loss:0.54
epoch:873 loss:0.54
epoch:874 loss:0.54
epoch:875 loss:0.54
epoch:876 loss:0.54
epoch:877 loss:0.54
epoch:878 loss:0.54
epoch:879 loss:0.54
epoch:880 loss:0.54
epoch:881 loss:0.54
epoch:882 loss:0.54
epoch:883 loss:0.54
epoch:884 loss:0.54
epoch:885 loss:0.54
epoch:886 loss:0.54
epoch:887 loss:0.54
epoch:888 loss:0.54
epoch:889 loss:0.54
epoch:890 loss:0.54
epoch:891 loss:0.54
epoch:892 loss:0.54
epoch:893 loss:0.54
epoch:894 loss:0.54
epoch:895 loss:0.54
epoch:896 loss:0.54
epoch:897 loss:0.54
epoch:898 loss:0.54
epoch:899 loss:0.54
epoch:900 loss:0.54
epoch:901 loss:0.53
epoch:902 loss:0.54
epoch:903 loss:0.54
epoch:904 loss:0.54
epoch:905 loss:0.54
epoch:906 loss:0.54
epoch:907 loss:0.53
epoch:908 loss:0.54
epoch:909 loss:0.54
epoch:910 loss:0.54
epoch:911 loss:0.54
epoch:912 loss:0.53
epoch:913 loss:0.54
epoch:914 loss:0.54
epoch:915 loss:0.54
epoch:916 loss:0.54
epoch:917 loss:0.54
epoch:918 loss:0.54
epoch:919 loss:0.53
epoch:920 loss:0.54
epoch:921 loss:0.54
epoch:922 loss:0.54
epoch:923 loss:0.54
epoch:924 loss:0.54
epoch:925 loss:0.54
epoch:926 loss:0.53
epoch:927 loss:0.54
epoch:928 loss:0.54
epoch:929 loss:0.53
epoch:930 loss:0.53
epoch:931 loss:0.53
epoch:932 loss:0.53
epoch:933 loss:0.53
epoch:934 loss:0.54
epoch:935 loss:0.53
epoch:936 loss:0.53
epoch:937 loss:0.54
epoch:938 loss:0.53
epoch:939 loss:0.53
epoch:940 loss:0.53
epoch:941 loss:0.54
epoch:942 loss:0.53
epoch:943 loss:0.53
epoch:944 loss:0.53
epoch:945 loss:0.53
epoch:946 loss:0.53
epoch:947 loss:0.53
epoch:948 loss:0.53
epoch:949 loss:0.53
epoch:950 loss:0.53
epoch:951 loss:0.53
epoch:952 loss:0.53
epoch:953 loss:0.53
epoch:954 loss:0.53
epoch:955 loss:0.53
epoch:956 loss:0.53
epoch:957 loss:0.53
epoch:958 loss:0.53
epoch:959 loss:0.54
epoch:960 loss:0.53
epoch:961 loss:0.53
epoch:962 loss:0.53
epoch:963 loss:0.53
epoch:964 loss:0.53
epoch:965 loss:0.53
epoch:966 loss:0.53
epoch:967 loss:0.53
epoch:968 loss:0.53
epoch:969 loss:0.53
epoch:970 loss:0.53
epoch:971 loss:0.53
epoch:972 loss:0.53
epoch:973 loss:0.53
epoch:974 loss:0.53
epoch:975 loss:0.53
epoch:976 loss:0.53
epoch:977 loss:0.53
epoch:978 loss:0.53
epoch:979 loss:0.53
epoch:980 loss:0.53
epoch:981 loss:0.53
epoch:982 loss:0.53
epoch:983 loss:0.53
epoch:984 loss:0.53
epoch:985 loss:0.53
epoch:986 loss:0.53
epoch:987 loss:0.53
epoch:988 loss:0.53
epoch:989 loss:0.53
epoch:990 loss:0.53
epoch:991 loss:0.53
epoch:992 loss:0.53
epoch:993 loss:0.53
epoch:994 loss:0.53
epoch:995 loss:0.53
epoch:996 loss:0.53
epoch:997 loss:0.53
epoch:998 loss:0.53
epoch:999 loss:0.53
epoch:1000 loss:0.53
epoch:1001 loss:0.53
epoch:1002 loss:0.53
epoch:1003 loss:0.53
epoch:1004 loss:0.53
epoch:1005 loss:0.53
epoch:1006 loss:0.53
epoch:1007 loss:0.53
epoch:1008 loss:0.53
epoch:1009 loss:0.53
epoch:1010 loss:0.53
epoch:1011 loss:0.53
epoch:1012 loss:0.53
epoch:1013 loss:0.53
epoch:1014 loss:0.53
epoch:1015 loss:0.53
epoch:1016 loss:0.53
epoch:1017 loss:0.53
epoch:1018 loss:0.53
epoch:1019 loss:0.53
epoch:1020 loss:0.53
epoch:1021 loss:0.53
epoch:1022 loss:0.53
epoch:1023 loss:0.53
epoch:1024 loss:0.53
epoch:1025 loss:0.53
epoch:1026 loss:0.53
epoch:1027 loss:0.53
epoch:1028 loss:0.53
epoch:1029 loss:0.53
epoch:1030 loss:0.53
epoch:1031 loss:0.53
epoch:1032 loss:0.53
epoch:1033 loss:0.53
epoch:1034 loss:0.53
epoch:1035 loss:0.53
epoch:1036 loss:0.53
epoch:1037 loss:0.53
epoch:1038 loss:0.53
epoch:1039 loss:0.53
epoch:1040 loss:0.53
epoch:1041 loss:0.53
epoch:1042 loss:0.53
epoch:1043 loss:0.53
epoch:1044 loss:0.53
epoch:1045 loss:0.53
epoch:1046 loss:0.53
epoch:1047 loss:0.53
epoch:1048 loss:0.53
epoch:1049 loss:0.53
epoch:1050 loss:0.53
epoch:1051 loss:0.53
epoch:1052 loss:0.53
epoch:1053 loss:0.53
epoch:1054 loss:0.53
epoch:1055 loss:0.53
epoch:1056 loss:0.53
epoch:1057 loss:0.53
epoch:1058 loss:0.53
epoch:1059 loss:0.53
epoch:1060 loss:0.53
epoch:1061 loss:0.53
epoch:1062 loss:0.53
epoch:1063 loss:0.53
epoch:1064 loss:0.53
epoch:1065 loss:0.53
epoch:1066 loss:0.53
epoch:1067 loss:0.53
epoch:1068 loss:0.53
epoch:1069 loss:0.53
epoch:1070 loss:0.53
epoch:1071 loss:0.53
epoch:1072 loss:0.53
epoch:1073 loss:0.53
epoch:1074 loss:0.53
epoch:1075 loss:0.52
epoch:1076 loss:0.53
epoch:1077 loss:0.53
epoch:1078 loss:0.53
epoch:1079 loss:0.53
epoch:1080 loss:0.53
epoch:1081 loss:0.53
epoch:1082 loss:0.53
epoch:1083 loss:0.52
epoch:1084 loss:0.53
epoch:1085 loss:0.53
epoch:1086 loss:0.53
epoch:1087 loss:0.52
epoch:1088 loss:0.52
epoch:1089 loss:0.53
epoch:1090 loss:0.53
epoch:1091 loss:0.53
epoch:1092 loss:0.53
epoch:1093 loss:0.53
epoch:1094 loss:0.53
epoch:1095 loss:0.53
epoch:1096 loss:0.53
epoch:1097 loss:0.53
epoch:1098 loss:0.53
epoch:1099 loss:0.52
epoch:1100 loss:0.53
epoch:1101 loss:0.53
epoch:1102 loss:0.52
epoch:1103 loss:0.53
epoch:1104 loss:0.53
epoch:1105 loss:0.53
epoch:1106 loss:0.53
epoch:1107 loss:0.53
epoch:1108 loss:0.53
epoch:1109 loss:0.52
epoch:1110 loss:0.52
epoch:1111 loss:0.53
epoch:1112 loss:0.52
epoch:1113 loss:0.53
epoch:1114 loss:0.52
epoch:1115 loss:0.53
epoch:1116 loss:0.52
epoch:1117 loss:0.52
epoch:1118 loss:0.52
epoch:1119 loss:0.53
epoch:1120 loss:0.52
epoch:1121 loss:0.52
epoch:1122 loss:0.52
epoch:1123 loss:0.52
epoch:1124 loss:0.53
epoch:1125 loss:0.52
epoch:1126 loss:0.53
epoch:1127 loss:0.53
epoch:1128 loss:0.53
epoch:1129 loss:0.53
epoch:1130 loss:0.53
epoch:1131 loss:0.52
epoch:1132 loss:0.52
epoch:1133 loss:0.52
epoch:1134 loss:0.52
epoch:1135 loss:0.52
epoch:1136 loss:0.52
epoch:1137 loss:0.52
epoch:1138 loss:0.52
epoch:1139 loss:0.52
epoch:1140 loss:0.53
epoch:1141 loss:0.52
epoch:1142 loss:0.53
epoch:1143 loss:0.52
epoch:1144 loss:0.52
epoch:1145 loss:0.52
epoch:1146 loss:0.52
epoch:1147 loss:0.52
epoch:1148 loss:0.52
epoch:1149 loss:0.52
epoch:1150 loss:0.52
epoch:1151 loss:0.52
epoch:1152 loss:0.52
epoch:1153 loss:0.52
epoch:1154 loss:0.52
epoch:1155 loss:0.52
epoch:1156 loss:0.52
epoch:1157 loss:0.52
epoch:1158 loss:0.52
epoch:1159 loss:0.52
epoch:1160 loss:0.52
epoch:1161 loss:0.53
epoch:1162 loss:0.52
epoch:1163 loss:0.52
epoch:1164 loss:0.52
epoch:1165 loss:0.52
epoch:1166 loss:0.52
epoch:1167 loss:0.52
epoch:1168 loss:0.52
epoch:1169 loss:0.52
epoch:1170 loss:0.52
epoch:1171 loss:0.52
epoch:1172 loss:0.52
epoch:1173 loss:0.52
epoch:1174 loss:0.52
epoch:1175 loss:0.52
epoch:1176 loss:0.52
epoch:1177 loss:0.52
epoch:1178 loss:0.52
epoch:1179 loss:0.52
epoch:1180 loss:0.52
epoch:1181 loss:0.52
epoch:1182 loss:0.52
epoch:1183 loss:0.52
epoch:1184 loss:0.52
epoch:1185 loss:0.52
epoch:1186 loss:0.52
epoch:1187 loss:0.52
epoch:1188 loss:0.52
epoch:1189 loss:0.52
epoch:1190 loss:0.52
epoch:1191 loss:0.52
epoch:1192 loss:0.52
epoch:1193 loss:0.52
epoch:1194 loss:0.52
epoch:1195 loss:0.52
epoch:1196 loss:0.52
epoch:1197 loss:0.52
epoch:1198 loss:0.52
epoch:1199 loss:0.52
epoch:1200 loss:0.52
epoch:1201 loss:0.52
epoch:1202 loss:0.52
epoch:1203 loss:0.52
epoch:1204 loss:0.52
epoch:1205 loss:0.52
epoch:1206 loss:0.52
epoch:1207 loss:0.52
epoch:1208 loss:0.52
epoch:1209 loss:0.52
epoch:1210 loss:0.52
epoch:1211 loss:0.52
epoch:1212 loss:0.52
epoch:1213 loss:0.52
epoch:1214 loss:0.52
epoch:1215 loss:0.52
epoch:1216 loss:0.52
epoch:1217 loss:0.52
epoch:1218 loss:0.52
epoch:1219 loss:0.52
epoch:1220 loss:0.52
epoch:1221 loss:0.52
epoch:1222 loss:0.52
epoch:1223 loss:0.52
epoch:1224 loss:0.52
epoch:1225 loss:0.52
epoch:1226 loss:0.52
epoch:1227 loss:0.52
epoch:1228 loss:0.52
epoch:1229 loss:0.52
epoch:1230 loss:0.52
epoch:1231 loss:0.52
epoch:1232 loss:0.52
epoch:1233 loss:0.52
epoch:1234 loss:0.52
epoch:1235 loss:0.52
epoch:1236 loss:0.52
epoch:1237 loss:0.52
epoch:1238 loss:0.52
epoch:1239 loss:0.52
epoch:1240 loss:0.52
epoch:1241 loss:0.52
epoch:1242 loss:0.52
epoch:1243 loss:0.52
epoch:1244 loss:0.52
epoch:1245 loss:0.52
epoch:1246 loss:0.52
epoch:1247 loss:0.52
epoch:1248 loss:0.52
epoch:1249 loss:0.52
epoch:1250 loss:0.52
epoch:1251 loss:0.52
epoch:1252 loss:0.52
epoch:1253 loss:0.52
epoch:1254 loss:0.52
epoch:1255 loss:0.52
epoch:1256 loss:0.52
epoch:1257 loss:0.52
epoch:1258 loss:0.52
epoch:1259 loss:0.52
epoch:1260 loss:0.52
epoch:1261 loss:0.52
epoch:1262 loss:0.52
epoch:1263 loss:0.52
epoch:1264 loss:0.52
epoch:1265 loss:0.52
epoch:1266 loss:0.52
epoch:1267 loss:0.52
epoch:1268 loss:0.52
epoch:1269 loss:0.52
epoch:1270 loss:0.52
epoch:1271 loss:0.52
epoch:1272 loss:0.52
epoch:1273 loss:0.52
epoch:1274 loss:0.52
epoch:1275 loss:0.52
epoch:1276 loss:0.52
epoch:1277 loss:0.52
epoch:1278 loss:0.52
epoch:1279 loss:0.52
epoch:1280 loss:0.52
epoch:1281 loss:0.52
epoch:1282 loss:0.52
epoch:1283 loss:0.52
epoch:1284 loss:0.52
epoch:1285 loss:0.52
epoch:1286 loss:0.52
epoch:1287 loss:0.52
epoch:1288 loss:0.51
epoch:1289 loss:0.52
epoch:1290 loss:0.52
epoch:1291 loss:0.52
epoch:1292 loss:0.52
epoch:1293 loss:0.52
epoch:1294 loss:0.52
epoch:1295 loss:0.52
epoch:1296 loss:0.52
epoch:1297 loss:0.52
epoch:1298 loss:0.52
epoch:1299 loss:0.52
epoch:1300 loss:0.52
epoch:1301 loss:0.52
epoch:1302 loss:0.52
epoch:1303 loss:0.52
epoch:1304 loss:0.52
epoch:1305 loss:0.52
epoch:1306 loss:0.52
epoch:1307 loss:0.52
epoch:1308 loss:0.51
epoch:1309 loss:0.52
epoch:1310 loss:0.52
epoch:1311 loss:0.52
epoch:1312 loss:0.52
epoch:1313 loss:0.52
epoch:1314 loss:0.52
epoch:1315 loss:0.52
epoch:1316 loss:0.52
epoch:1317 loss:0.52
epoch:1318 loss:0.52
epoch:1319 loss:0.52
epoch:1320 loss:0.52
epoch:1321 loss:0.52
epoch:1322 loss:0.52
epoch:1323 loss:0.52
epoch:1324 loss:0.52
epoch:1325 loss:0.51
epoch:1326 loss:0.52
epoch:1327 loss:0.51
epoch:1328 loss:0.51
epoch:1329 loss:0.52
epoch:1330 loss:0.51
epoch:1331 loss:0.51
epoch:1332 loss:0.52
epoch:1333 loss:0.52
epoch:1334 loss:0.52
epoch:1335 loss:0.51
epoch:1336 loss:0.52
epoch:1337 loss:0.51
Dataset pubmed
alpha, beta, K: 0.5 100 128
AUC 0.9262017640820289 AP 0.9221040306069934
